ERROR:services:Error getting GPS coordinates through serial port: could not open port '/dev/ttyUSB0': FileNotFoundError(2, 'The system cannot find the path specified.', None, 3)
 Falling back to IP geolocation...
INFO:main:Fetching script...
INFO:services:Script loaded successfully
ERROR:main:__init__() got an unexpected keyword argument 'capture_output'
INFO:main:Fetching video data...
ERROR:services:Error getting GPS coordinates through serial port: could not open port '/dev/ttyUSB0': FileNotFoundError(2, 'The system cannot find the path specified.', None, 3)
 Falling back to IP geolocation...
ERROR:services:Error getting GPS coordinates through serial port: could not open port '/dev/ttyUSB0': FileNotFoundError(2, 'The system cannot find the path specified.', None, 3)
 Falling back to IP geolocation...
DEBUG:urllib3.util.retry:Converted retries value: 2 -> Retry(total=2, connect=None, read=None, redirect=None, status=None)
DEBUG:urllib3.util.retry:Converted retries value: 2 -> Retry(total=2, connect=None, read=None, redirect=None, status=None)
ERROR:services:Error getting GPS coordinates through serial port: could not open port '/dev/ttyUSB0': FileNotFoundError(2, 'The system cannot find the path specified.', None, 3)
 Falling back to IP geolocation...
DEBUG:urllib3.connectionpool:Starting new HTTP connection (1): ipinfo.io:80
DEBUG:urllib3.connectionpool:http://ipinfo.io:80 "GET /json HTTP/1.1" 200 336
INFO:geocoder.base:Requested http://ipinfo.io/json
DEBUG:geopy:Photon.reverse: https://photon.komoot.io/reverse?lat=38.691&lon=-121.4486&limit=1
DEBUG:urllib3.connectionpool:Starting new HTTPS connection (1): photon.komoot.io:443
DEBUG:urllib3.connectionpool:https://photon.komoot.io:443 "GET /reverse?lat=38.691&lon=-121.4486&limit=1 HTTP/1.1" 200 None
INFO:main:Fetching script...
DEBUG:urllib3.connectionpool:Starting new HTTPS connection (1): api.olhar.media:443
DEBUG:urllib3.connectionpool:https://api.olhar.media:443 "GET /?getconfigupdate&equipid=1 HTTP/1.1" 200 204
INFO:services:Script loaded successfully
ERROR:main:__init__() got an unexpected keyword argument 'capture_output'
INFO:main:Fetching video data...
DEBUG:urllib3.connectionpool:Starting new HTTPS connection (1): api.olhar.media:443
DEBUG:urllib3.connectionpool:https://api.olhar.media:443 "GET /?getvideos&equipid=1 HTTP/1.1" 200 559
DEBUG:urllib3.util.retry:Converted retries value: 2 -> Retry(total=2, connect=None, read=None, redirect=None, status=None)
DEBUG:urllib3.util.retry:Converted retries value: 2 -> Retry(total=2, connect=None, read=None, redirect=None, status=None)
ERROR:services:Error getting GPS coordinates through serial port: could not open port '/dev/ttyUSB0': FileNotFoundError(2, 'The system cannot find the path specified.', None, 3)
 Falling back to IP geolocation...
DEBUG:urllib3.connectionpool:Starting new HTTP connection (1): ipinfo.io:80
DEBUG:urllib3.connectionpool:http://ipinfo.io:80 "GET /json HTTP/1.1" 200 336
INFO:geocoder.base:Requested http://ipinfo.io/json
DEBUG:geopy:Photon.reverse: https://photon.komoot.io/reverse?lat=38.691&lon=-121.4486&limit=1
DEBUG:urllib3.connectionpool:Starting new HTTPS connection (1): photon.komoot.io:443
DEBUG:urllib3.connectionpool:https://photon.komoot.io:443 "GET /reverse?lat=38.691&lon=-121.4486&limit=1 HTTP/1.1" 200 None
INFO:application:Current city: Rio Linda, 95673, California, United States
ERROR:services:Error getting GPS coordinates through serial port: could not open port '/dev/ttyUSB0': FileNotFoundError(2, 'The system cannot find the path specified.', None, 3)
 Falling back to IP geolocation...
DEBUG:urllib3.connectionpool:Starting new HTTP connection (1): ipinfo.io:80
DEBUG:urllib3.connectionpool:http://ipinfo.io:80 "GET /json HTTP/1.1" 200 336
INFO:geocoder.base:Requested http://ipinfo.io/json
DEBUG:urllib3.util.retry:Converted retries value: 2 -> Retry(total=2, connect=None, read=None, redirect=None, status=None)
DEBUG:urllib3.util.retry:Converted retries value: 2 -> Retry(total=2, connect=None, read=None, redirect=None, status=None)
ERROR:services:Error getting GPS coordinates through serial port: could not open port '/dev/ttyUSB0': FileNotFoundError(2, 'The system cannot find the path specified.', None, 3)
 Falling back to IP geolocation...
DEBUG:urllib3.connectionpool:Starting new HTTP connection (1): ipinfo.io:80
DEBUG:urllib3.connectionpool:http://ipinfo.io:80 "GET /json HTTP/1.1" 200 336
INFO:geocoder.base:Requested http://ipinfo.io/json
DEBUG:geopy:Photon.reverse: https://photon.komoot.io/reverse?lat=38.691&lon=-121.4486&limit=1
DEBUG:urllib3.connectionpool:Starting new HTTPS connection (1): photon.komoot.io:443
DEBUG:urllib3.connectionpool:https://photon.komoot.io:443 "GET /reverse?lat=38.691&lon=-121.4486&limit=1 HTTP/1.1" 200 None
INFO:main:Fetching video data...
DEBUG:urllib3.connectionpool:Starting new HTTPS connection (1): api.olhar.media:443
DEBUG:urllib3.connectionpool:https://api.olhar.media:443 "GET /?getvideos&equipid=1 HTTP/1.1" 200 559
DEBUG:urllib3.util.retry:Converted retries value: 2 -> Retry(total=2, connect=None, read=None, redirect=None, status=None)
DEBUG:urllib3.util.retry:Converted retries value: 2 -> Retry(total=2, connect=None, read=None, redirect=None, status=None)
ERROR:services:Error getting GPS coordinates through serial port: could not open port '/dev/ttyUSB0': FileNotFoundError(2, 'The system cannot find the path specified.', None, 3)
 Falling back to IP geolocation...
DEBUG:urllib3.connectionpool:Starting new HTTP connection (1): ipinfo.io:80
DEBUG:urllib3.connectionpool:http://ipinfo.io:80 "GET /json HTTP/1.1" 200 336
INFO:geocoder.base:Requested http://ipinfo.io/json
DEBUG:geopy:Photon.reverse: https://photon.komoot.io/reverse?lat=38.691&lon=-121.4486&limit=1
DEBUG:urllib3.connectionpool:Starting new HTTPS connection (1): photon.komoot.io:443
DEBUG:urllib3.connectionpool:https://photon.komoot.io:443 "GET /reverse?lat=38.691&lon=-121.4486&limit=1 HTTP/1.1" 200 None
INFO:application:Current city: Rio Linda, 95673, California, United States
ERROR:services:Error getting GPS coordinates through serial port: could not open port '/dev/ttyUSB0': FileNotFoundError(2, 'The system cannot find the path specified.', None, 3)
 Falling back to IP geolocation...
DEBUG:urllib3.connectionpool:Starting new HTTP connection (1): ipinfo.io:80
DEBUG:urllib3.connectionpool:http://ipinfo.io:80 "GET /json HTTP/1.1" 200 336
INFO:geocoder.base:Requested http://ipinfo.io/json
DEBUG:urllib3.util.retry:Converted retries value: 2 -> Retry(total=2, connect=None, read=None, redirect=None, status=None)
DEBUG:urllib3.util.retry:Converted retries value: 2 -> Retry(total=2, connect=None, read=None, redirect=None, status=None)
ERROR:services:Error getting GPS coordinates through serial port: could not open port '/dev/ttyUSB0': FileNotFoundError(2, 'The system cannot find the path specified.', None, 3)
 Falling back to IP geolocation...
DEBUG:urllib3.connectionpool:Starting new HTTP connection (1): ipinfo.io:80
DEBUG:urllib3.connectionpool:http://ipinfo.io:80 "GET /json HTTP/1.1" 200 336
INFO:geocoder.base:Requested http://ipinfo.io/json
DEBUG:geopy:Photon.reverse: https://photon.komoot.io/reverse?lat=38.691&lon=-121.4486&limit=1
DEBUG:urllib3.connectionpool:Starting new HTTPS connection (1): photon.komoot.io:443
DEBUG:urllib3.util.retry:Incremented Retry for (url='/reverse?lat=38.691&lon=-121.4486&limit=1'): Retry(total=1, connect=None, read=None, redirect=None, status=None)
WARNING:urllib3.connectionpool:Retrying (Retry(total=1, connect=None, read=None, redirect=None, status=None)) after connection broken by 'ReadTimeoutError("HTTPSConnectionPool(host='photon.komoot.io', port=443): Read timed out. (read timeout=1)",)': /reverse?lat=38.691&lon=-121.4486&limit=1
DEBUG:urllib3.connectionpool:Starting new HTTPS connection (2): photon.komoot.io:443
DEBUG:urllib3.connectionpool:https://photon.komoot.io:443 "GET /reverse?lat=38.691&lon=-121.4486&limit=1 HTTP/1.1" 200 None
INFO:main:Fetching video data...
DEBUG:urllib3.connectionpool:Starting new HTTPS connection (1): api.olhar.media:443
DEBUG:urllib3.connectionpool:https://api.olhar.media:443 "GET /?getvideos&equipid=1 HTTP/1.1" 200 559
DEBUG:urllib3.util.retry:Converted retries value: 2 -> Retry(total=2, connect=None, read=None, redirect=None, status=None)
DEBUG:urllib3.util.retry:Converted retries value: 2 -> Retry(total=2, connect=None, read=None, redirect=None, status=None)
ERROR:services:Error getting GPS coordinates through serial port: could not open port '/dev/ttyUSB0': FileNotFoundError(2, 'The system cannot find the path specified.', None, 3)
 Falling back to IP geolocation...
DEBUG:urllib3.connectionpool:Starting new HTTP connection (1): ipinfo.io:80
DEBUG:urllib3.connectionpool:http://ipinfo.io:80 "GET /json HTTP/1.1" 200 336
INFO:geocoder.base:Requested http://ipinfo.io/json
DEBUG:geopy:Photon.reverse: https://photon.komoot.io/reverse?lat=38.691&lon=-121.4486&limit=1
DEBUG:urllib3.connectionpool:Starting new HTTPS connection (1): photon.komoot.io:443
DEBUG:urllib3.connectionpool:https://photon.komoot.io:443 "GET /reverse?lat=38.691&lon=-121.4486&limit=1 HTTP/1.1" 200 None
INFO:application:Current city: Rio Linda, 95673, California, United States
DEBUG:urllib3.util.retry:Converted retries value: 2 -> Retry(total=2, connect=None, read=None, redirect=None, status=None)
DEBUG:urllib3.util.retry:Converted retries value: 2 -> Retry(total=2, connect=None, read=None, redirect=None, status=None)
ERROR:services:Error getting GPS coordinates through serial port: could not open port '/dev/ttyUSB0': FileNotFoundError(2, 'The system cannot find the path specified.', None, 3)
 Falling back to IP geolocation...
DEBUG:urllib3.connectionpool:Starting new HTTP connection (1): ipinfo.io:80
DEBUG:urllib3.connectionpool:http://ipinfo.io:80 "GET /json HTTP/1.1" 200 336
INFO:geocoder.base:Requested http://ipinfo.io/json
DEBUG:geopy:Photon.reverse: https://photon.komoot.io/reverse?lat=38.691&lon=-121.4486&limit=1
DEBUG:urllib3.connectionpool:Starting new HTTPS connection (1): photon.komoot.io:443
DEBUG:urllib3.connectionpool:https://photon.komoot.io:443 "GET /reverse?lat=38.691&lon=-121.4486&limit=1 HTTP/1.1" 200 None
INFO:main:Fetching video data...
DEBUG:urllib3.connectionpool:Starting new HTTPS connection (1): api.olhar.media:443
DEBUG:urllib3.connectionpool:https://api.olhar.media:443 "GET /?getvideos&equipid=1 HTTP/1.1" 200 559
DEBUG:urllib3.util.retry:Converted retries value: 2 -> Retry(total=2, connect=None, read=None, redirect=None, status=None)
DEBUG:urllib3.util.retry:Converted retries value: 2 -> Retry(total=2, connect=None, read=None, redirect=None, status=None)
ERROR:services:Error getting GPS coordinates through serial port: could not open port '/dev/ttyUSB0': FileNotFoundError(2, 'The system cannot find the path specified.', None, 3)
 Falling back to IP geolocation...
DEBUG:urllib3.connectionpool:Starting new HTTP connection (1): ipinfo.io:80
DEBUG:urllib3.connectionpool:http://ipinfo.io:80 "GET /json HTTP/1.1" 200 336
INFO:geocoder.base:Requested http://ipinfo.io/json
DEBUG:geopy:Photon.reverse: https://photon.komoot.io/reverse?lat=38.691&lon=-121.4486&limit=1
DEBUG:urllib3.connectionpool:Starting new HTTPS connection (1): photon.komoot.io:443
DEBUG:urllib3.connectionpool:https://photon.komoot.io:443 "GET /reverse?lat=38.691&lon=-121.4486&limit=1 HTTP/1.1" 200 None
INFO:application:Current city: Rio Linda, 95673, California, United States
DEBUG:urllib3.util.retry:Converted retries value: 2 -> Retry(total=2, connect=None, read=None, redirect=None, status=None)
DEBUG:urllib3.util.retry:Converted retries value: 2 -> Retry(total=2, connect=None, read=None, redirect=None, status=None)
ERROR:services:Error getting GPS coordinates through serial port: could not open port '/dev/ttyUSB0': FileNotFoundError(2, 'The system cannot find the path specified.', None, 3)
 Falling back to IP geolocation...
DEBUG:urllib3.connectionpool:Starting new HTTP connection (1): ipinfo.io:80
DEBUG:urllib3.connectionpool:http://ipinfo.io:80 "GET /json HTTP/1.1" 200 336
INFO:geocoder.base:Requested http://ipinfo.io/json
DEBUG:geopy:Photon.reverse: https://photon.komoot.io/reverse?lat=38.691&lon=-121.4486&limit=1
DEBUG:urllib3.connectionpool:Starting new HTTPS connection (1): photon.komoot.io:443
DEBUG:urllib3.connectionpool:https://photon.komoot.io:443 "GET /reverse?lat=38.691&lon=-121.4486&limit=1 HTTP/1.1" 200 None
INFO:main:Fetching video data...
DEBUG:urllib3.connectionpool:Starting new HTTPS connection (1): api.olhar.media:443
DEBUG:urllib3.connectionpool:https://api.olhar.media:443 "GET /?getvideos&equipid=1 HTTP/1.1" 200 559
DEBUG:urllib3.util.retry:Converted retries value: 2 -> Retry(total=2, connect=None, read=None, redirect=None, status=None)
DEBUG:urllib3.util.retry:Converted retries value: 2 -> Retry(total=2, connect=None, read=None, redirect=None, status=None)
ERROR:services:Error getting GPS coordinates through serial port: could not open port '/dev/ttyUSB0': FileNotFoundError(2, 'The system cannot find the path specified.', None, 3)
 Falling back to IP geolocation...
DEBUG:urllib3.connectionpool:Starting new HTTP connection (1): ipinfo.io:80
DEBUG:urllib3.connectionpool:http://ipinfo.io:80 "GET /json HTTP/1.1" 200 336
INFO:geocoder.base:Requested http://ipinfo.io/json
DEBUG:geopy:Photon.reverse: https://photon.komoot.io/reverse?lat=38.691&lon=-121.4486&limit=1
DEBUG:urllib3.connectionpool:Starting new HTTPS connection (1): photon.komoot.io:443
DEBUG:urllib3.connectionpool:https://photon.komoot.io:443 "GET /reverse?lat=38.691&lon=-121.4486&limit=1 HTTP/1.1" 200 None
INFO:application:Current city: Rio Linda, 95673, California, United States
DEBUG:urllib3.util.retry:Converted retries value: 2 -> Retry(total=2, connect=None, read=None, redirect=None, status=None)
DEBUG:urllib3.util.retry:Converted retries value: 2 -> Retry(total=2, connect=None, read=None, redirect=None, status=None)
ERROR:services:Error getting GPS coordinates through serial port: could not open port '/dev/ttyUSB0': FileNotFoundError(2, 'The system cannot find the path specified.', None, 3)
 Falling back to IP geolocation...
DEBUG:urllib3.connectionpool:Starting new HTTP connection (1): ipinfo.io:80
DEBUG:urllib3.connectionpool:http://ipinfo.io:80 "GET /json HTTP/1.1" 200 336
INFO:geocoder.base:Requested http://ipinfo.io/json
DEBUG:geopy:Photon.reverse: https://photon.komoot.io/reverse?lat=38.691&lon=-121.4486&limit=1
DEBUG:urllib3.connectionpool:Starting new HTTPS connection (1): photon.komoot.io:443
DEBUG:urllib3.connectionpool:https://photon.komoot.io:443 "GET /reverse?lat=38.691&lon=-121.4486&limit=1 HTTP/1.1" 200 None
INFO:main:Fetching video data...
DEBUG:urllib3.connectionpool:Starting new HTTPS connection (1): api.olhar.media:443
DEBUG:urllib3.connectionpool:https://api.olhar.media:443 "GET /?getvideos&equipid=1 HTTP/1.1" 200 559
DEBUG:urllib3.util.retry:Converted retries value: 2 -> Retry(total=2, connect=None, read=None, redirect=None, status=None)
DEBUG:urllib3.util.retry:Converted retries value: 2 -> Retry(total=2, connect=None, read=None, redirect=None, status=None)
ERROR:services:Error getting GPS coordinates through serial port: could not open port '/dev/ttyUSB0': FileNotFoundError(2, 'The system cannot find the path specified.', None, 3)
 Falling back to IP geolocation...
DEBUG:urllib3.connectionpool:Starting new HTTP connection (1): ipinfo.io:80
DEBUG:urllib3.connectionpool:http://ipinfo.io:80 "GET /json HTTP/1.1" 200 336
INFO:geocoder.base:Requested http://ipinfo.io/json
DEBUG:geopy:Photon.reverse: https://photon.komoot.io/reverse?lat=38.691&lon=-121.4486&limit=1
DEBUG:urllib3.connectionpool:Starting new HTTPS connection (1): photon.komoot.io:443
DEBUG:urllib3.connectionpool:https://photon.komoot.io:443 "GET /reverse?lat=38.691&lon=-121.4486&limit=1 HTTP/1.1" 200 None
INFO:application:Current city: Rio Linda, 95673, California, United States
ERROR:services:Error getting GPS coordinates through serial port: could not open port '/dev/ttyUSB0': FileNotFoundError(2, 'The system cannot find the path specified.', None, 3)
 Falling back to IP geolocation...
DEBUG:urllib3.connectionpool:Starting new HTTP connection (1): ipinfo.io:80
DEBUG:urllib3.connectionpool:http://ipinfo.io:80 "GET /json HTTP/1.1" 200 336
INFO:geocoder.base:Requested http://ipinfo.io/json
DEBUG:urllib3.util.retry:Converted retries value: 2 -> Retry(total=2, connect=None, read=None, redirect=None, status=None)
DEBUG:urllib3.util.retry:Converted retries value: 2 -> Retry(total=2, connect=None, read=None, redirect=None, status=None)
ERROR:services:Error getting GPS coordinates through serial port: could not open port '/dev/ttyUSB0': FileNotFoundError(2, 'The system cannot find the path specified.', None, 3)
 Falling back to IP geolocation...
DEBUG:urllib3.connectionpool:Starting new HTTP connection (1): ipinfo.io:80
DEBUG:urllib3.connectionpool:http://ipinfo.io:80 "GET /json HTTP/1.1" 200 336
INFO:geocoder.base:Requested http://ipinfo.io/json
DEBUG:geopy:Photon.reverse: https://photon.komoot.io/reverse?lat=38.691&lon=-121.4486&limit=1
DEBUG:urllib3.connectionpool:Starting new HTTPS connection (1): photon.komoot.io:443
DEBUG:urllib3.connectionpool:https://photon.komoot.io:443 "GET /reverse?lat=38.691&lon=-121.4486&limit=1 HTTP/1.1" 200 None
INFO:main:Fetching video data...
DEBUG:urllib3.connectionpool:Starting new HTTPS connection (1): api.olhar.media:443
DEBUG:urllib3.connectionpool:https://api.olhar.media:443 "GET /?getvideos&equipid=1 HTTP/1.1" 200 559
DEBUG:urllib3.util.retry:Converted retries value: 2 -> Retry(total=2, connect=None, read=None, redirect=None, status=None)
DEBUG:urllib3.util.retry:Converted retries value: 2 -> Retry(total=2, connect=None, read=None, redirect=None, status=None)
ERROR:services:Error getting GPS coordinates through serial port: could not open port '/dev/ttyUSB0': FileNotFoundError(2, 'The system cannot find the path specified.', None, 3)
 Falling back to IP geolocation...
DEBUG:urllib3.connectionpool:Starting new HTTP connection (1): ipinfo.io:80
DEBUG:urllib3.connectionpool:http://ipinfo.io:80 "GET /json HTTP/1.1" 200 336
INFO:geocoder.base:Requested http://ipinfo.io/json
DEBUG:geopy:Photon.reverse: https://photon.komoot.io/reverse?lat=38.691&lon=-121.4486&limit=1
DEBUG:urllib3.connectionpool:Starting new HTTPS connection (1): photon.komoot.io:443
DEBUG:urllib3.connectionpool:https://photon.komoot.io:443 "GET /reverse?lat=38.691&lon=-121.4486&limit=1 HTTP/1.1" 200 None
INFO:application:Current city: Rio Linda, 95673, California, United States
DEBUG:urllib3.util.retry:Converted retries value: 2 -> Retry(total=2, connect=None, read=None, redirect=None, status=None)
DEBUG:urllib3.util.retry:Converted retries value: 2 -> Retry(total=2, connect=None, read=None, redirect=None, status=None)
ERROR:services:Error getting GPS coordinates through serial port: could not open port '/dev/ttyUSB0': FileNotFoundError(2, 'The system cannot find the path specified.', None, 3)
 Falling back to IP geolocation...
DEBUG:urllib3.connectionpool:Starting new HTTP connection (1): ipinfo.io:80
DEBUG:urllib3.connectionpool:http://ipinfo.io:80 "GET /json HTTP/1.1" 200 336
INFO:geocoder.base:Requested http://ipinfo.io/json
DEBUG:geopy:Photon.reverse: https://photon.komoot.io/reverse?lat=38.691&lon=-121.4486&limit=1
DEBUG:urllib3.connectionpool:Starting new HTTPS connection (1): photon.komoot.io:443
DEBUG:urllib3.connectionpool:https://photon.komoot.io:443 "GET /reverse?lat=38.691&lon=-121.4486&limit=1 HTTP/1.1" 200 None
INFO:main:Fetching video data...
DEBUG:urllib3.connectionpool:Starting new HTTPS connection (1): api.olhar.media:443
DEBUG:urllib3.connectionpool:https://api.olhar.media:443 "GET /?getvideos&equipid=1 HTTP/1.1" 200 559
DEBUG:urllib3.util.retry:Converted retries value: 2 -> Retry(total=2, connect=None, read=None, redirect=None, status=None)
DEBUG:urllib3.util.retry:Converted retries value: 2 -> Retry(total=2, connect=None, read=None, redirect=None, status=None)
ERROR:services:Error getting GPS coordinates through serial port: could not open port '/dev/ttyUSB0': FileNotFoundError(2, 'The system cannot find the path specified.', None, 3)
 Falling back to IP geolocation...
DEBUG:urllib3.connectionpool:Starting new HTTP connection (1): ipinfo.io:80
DEBUG:urllib3.connectionpool:http://ipinfo.io:80 "GET /json HTTP/1.1" 200 336
INFO:geocoder.base:Requested http://ipinfo.io/json
DEBUG:geopy:Photon.reverse: https://photon.komoot.io/reverse?lat=38.691&lon=-121.4486&limit=1
DEBUG:urllib3.connectionpool:Starting new HTTPS connection (1): photon.komoot.io:443
DEBUG:urllib3.connectionpool:https://photon.komoot.io:443 "GET /reverse?lat=38.691&lon=-121.4486&limit=1 HTTP/1.1" 200 None
INFO:application:Current city: Rio Linda, 95673, California, United States
DEBUG:urllib3.util.retry:Converted retries value: 2 -> Retry(total=2, connect=None, read=None, redirect=None, status=None)
DEBUG:urllib3.util.retry:Converted retries value: 2 -> Retry(total=2, connect=None, read=None, redirect=None, status=None)
ERROR:services:Error getting GPS coordinates through serial port: could not open port '/dev/ttyUSB0': FileNotFoundError(2, 'The system cannot find the path specified.', None, 3)
 Falling back to IP geolocation...
DEBUG:urllib3.connectionpool:Starting new HTTP connection (1): ipinfo.io:80
DEBUG:urllib3.connectionpool:http://ipinfo.io:80 "GET /json HTTP/1.1" 200 336
INFO:geocoder.base:Requested http://ipinfo.io/json
DEBUG:geopy:Photon.reverse: https://photon.komoot.io/reverse?lat=38.691&lon=-121.4486&limit=1
DEBUG:urllib3.connectionpool:Starting new HTTPS connection (1): photon.komoot.io:443
DEBUG:urllib3.connectionpool:https://photon.komoot.io:443 "GET /reverse?lat=38.691&lon=-121.4486&limit=1 HTTP/1.1" 200 None
INFO:main:Fetching video data...
DEBUG:urllib3.connectionpool:Starting new HTTPS connection (1): api.olhar.media:443
DEBUG:urllib3.connectionpool:https://api.olhar.media:443 "GET /?getvideos&equipid=1 HTTP/1.1" 200 559
DEBUG:urllib3.util.retry:Converted retries value: 2 -> Retry(total=2, connect=None, read=None, redirect=None, status=None)
DEBUG:urllib3.util.retry:Converted retries value: 2 -> Retry(total=2, connect=None, read=None, redirect=None, status=None)
ERROR:services:Error getting GPS coordinates through serial port: could not open port '/dev/ttyUSB0': FileNotFoundError(2, 'The system cannot find the path specified.', None, 3)
 Falling back to IP geolocation...
DEBUG:urllib3.connectionpool:Starting new HTTP connection (1): ipinfo.io:80
DEBUG:urllib3.connectionpool:http://ipinfo.io:80 "GET /json HTTP/1.1" 200 336
INFO:geocoder.base:Requested http://ipinfo.io/json
DEBUG:geopy:Photon.reverse: https://photon.komoot.io/reverse?lat=38.691&lon=-121.4486&limit=1
DEBUG:urllib3.connectionpool:Starting new HTTPS connection (1): photon.komoot.io:443
DEBUG:urllib3.connectionpool:https://photon.komoot.io:443 "GET /reverse?lat=38.691&lon=-121.4486&limit=1 HTTP/1.1" 200 None
INFO:application:Current city: Rio Linda, 95673, California, United States
ERROR:services:Error getting GPS coordinates through serial port: could not open port '/dev/ttyUSB0': FileNotFoundError(2, 'The system cannot find the path specified.', None, 3)
 Falling back to IP geolocation...
DEBUG:urllib3.connectionpool:Starting new HTTP connection (1): ipinfo.io:80
DEBUG:urllib3.connectionpool:http://ipinfo.io:80 "GET /json HTTP/1.1" 200 336
INFO:geocoder.base:Requested http://ipinfo.io/json
DEBUG:urllib3.util.retry:Converted retries value: 2 -> Retry(total=2, connect=None, read=None, redirect=None, status=None)
DEBUG:urllib3.util.retry:Converted retries value: 2 -> Retry(total=2, connect=None, read=None, redirect=None, status=None)
ERROR:services:Error getting GPS coordinates through serial port: could not open port '/dev/ttyUSB0': FileNotFoundError(2, 'The system cannot find the path specified.', None, 3)
 Falling back to IP geolocation...
DEBUG:urllib3.connectionpool:Starting new HTTP connection (1): ipinfo.io:80
DEBUG:urllib3.connectionpool:http://ipinfo.io:80 "GET /json HTTP/1.1" 200 336
INFO:geocoder.base:Requested http://ipinfo.io/json
DEBUG:geopy:Photon.reverse: https://photon.komoot.io/reverse?lat=38.691&lon=-121.4486&limit=1
DEBUG:urllib3.connectionpool:Starting new HTTPS connection (1): photon.komoot.io:443
DEBUG:urllib3.connectionpool:https://photon.komoot.io:443 "GET /reverse?lat=38.691&lon=-121.4486&limit=1 HTTP/1.1" 200 None
INFO:main:Fetching video data...
DEBUG:urllib3.connectionpool:Starting new HTTPS connection (1): api.olhar.media:443
DEBUG:urllib3.connectionpool:https://api.olhar.media:443 "GET /?getvideos&equipid=1 HTTP/1.1" 200 559
DEBUG:urllib3.util.retry:Converted retries value: 2 -> Retry(total=2, connect=None, read=None, redirect=None, status=None)
DEBUG:urllib3.util.retry:Converted retries value: 2 -> Retry(total=2, connect=None, read=None, redirect=None, status=None)
ERROR:services:Error getting GPS coordinates through serial port: could not open port '/dev/ttyUSB0': FileNotFoundError(2, 'The system cannot find the path specified.', None, 3)
 Falling back to IP geolocation...
DEBUG:urllib3.connectionpool:Starting new HTTP connection (1): ipinfo.io:80
DEBUG:urllib3.connectionpool:http://ipinfo.io:80 "GET /json HTTP/1.1" 200 336
INFO:geocoder.base:Requested http://ipinfo.io/json
DEBUG:geopy:Photon.reverse: https://photon.komoot.io/reverse?lat=38.691&lon=-121.4486&limit=1
DEBUG:urllib3.connectionpool:Starting new HTTPS connection (1): photon.komoot.io:443
DEBUG:urllib3.connectionpool:https://photon.komoot.io:443 "GET /reverse?lat=38.691&lon=-121.4486&limit=1 HTTP/1.1" 200 None
INFO:application:Current city: Rio Linda, 95673, California, United States
ERROR:services:Error getting GPS coordinates through serial port: could not open port '/dev/ttyUSB0': FileNotFoundError(2, 'The system cannot find the path specified.', None, 3)
 Falling back to IP geolocation...
DEBUG:urllib3.connectionpool:Starting new HTTP connection (1): ipinfo.io:80
DEBUG:urllib3.connectionpool:http://ipinfo.io:80 "GET /json HTTP/1.1" 200 336
INFO:geocoder.base:Requested http://ipinfo.io/json
DEBUG:urllib3.util.retry:Converted retries value: 2 -> Retry(total=2, connect=None, read=None, redirect=None, status=None)
DEBUG:urllib3.util.retry:Converted retries value: 2 -> Retry(total=2, connect=None, read=None, redirect=None, status=None)
ERROR:services:Error getting GPS coordinates through serial port: could not open port '/dev/ttyUSB0': FileNotFoundError(2, 'The system cannot find the path specified.', None, 3)
 Falling back to IP geolocation...
DEBUG:urllib3.connectionpool:Starting new HTTP connection (1): ipinfo.io:80
DEBUG:urllib3.connectionpool:http://ipinfo.io:80 "GET /json HTTP/1.1" 200 336
INFO:geocoder.base:Requested http://ipinfo.io/json
DEBUG:geopy:Photon.reverse: https://photon.komoot.io/reverse?lat=38.691&lon=-121.4486&limit=1
DEBUG:urllib3.connectionpool:Starting new HTTPS connection (1): photon.komoot.io:443
DEBUG:urllib3.connectionpool:https://photon.komoot.io:443 "GET /reverse?lat=38.691&lon=-121.4486&limit=1 HTTP/1.1" 200 None
INFO:main:Fetching video data...
DEBUG:urllib3.connectionpool:Starting new HTTPS connection (1): api.olhar.media:443
DEBUG:urllib3.connectionpool:https://api.olhar.media:443 "GET /?getvideos&equipid=1 HTTP/1.1" 200 559
DEBUG:urllib3.util.retry:Converted retries value: 2 -> Retry(total=2, connect=None, read=None, redirect=None, status=None)
DEBUG:urllib3.util.retry:Converted retries value: 2 -> Retry(total=2, connect=None, read=None, redirect=None, status=None)
ERROR:services:Error getting GPS coordinates through serial port: could not open port '/dev/ttyUSB0': FileNotFoundError(2, 'The system cannot find the path specified.', None, 3)
 Falling back to IP geolocation...
DEBUG:urllib3.connectionpool:Starting new HTTP connection (1): ipinfo.io:80
DEBUG:urllib3.connectionpool:http://ipinfo.io:80 "GET /json HTTP/1.1" 200 336
INFO:geocoder.base:Requested http://ipinfo.io/json
DEBUG:geopy:Photon.reverse: https://photon.komoot.io/reverse?lat=38.691&lon=-121.4486&limit=1
DEBUG:urllib3.connectionpool:Starting new HTTPS connection (1): photon.komoot.io:443
DEBUG:urllib3.connectionpool:https://photon.komoot.io:443 "GET /reverse?lat=38.691&lon=-121.4486&limit=1 HTTP/1.1" 200 None
INFO:application:Current city: Rio Linda, 95673, California, United States
ERROR:services:Error getting GPS coordinates through serial port: could not open port '/dev/ttyUSB0': FileNotFoundError(2, 'The system cannot find the path specified.', None, 3)
 Falling back to IP geolocation...
DEBUG:urllib3.connectionpool:Starting new HTTP connection (1): ipinfo.io:80
DEBUG:urllib3.connectionpool:http://ipinfo.io:80 "GET /json HTTP/1.1" 200 336
INFO:geocoder.base:Requested http://ipinfo.io/json
DEBUG:urllib3.util.retry:Converted retries value: 2 -> Retry(total=2, connect=None, read=None, redirect=None, status=None)
DEBUG:urllib3.util.retry:Converted retries value: 2 -> Retry(total=2, connect=None, read=None, redirect=None, status=None)
ERROR:services:Error getting GPS coordinates through serial port: could not open port '/dev/ttyUSB0': FileNotFoundError(2, 'The system cannot find the path specified.', None, 3)
 Falling back to IP geolocation...
DEBUG:urllib3.connectionpool:Starting new HTTP connection (1): ipinfo.io:80
DEBUG:urllib3.connectionpool:http://ipinfo.io:80 "GET /json HTTP/1.1" 200 336
INFO:geocoder.base:Requested http://ipinfo.io/json
DEBUG:geopy:Photon.reverse: https://photon.komoot.io/reverse?lat=38.691&lon=-121.4486&limit=1
DEBUG:urllib3.connectionpool:Starting new HTTPS connection (1): photon.komoot.io:443
DEBUG:urllib3.connectionpool:https://photon.komoot.io:443 "GET /reverse?lat=38.691&lon=-121.4486&limit=1 HTTP/1.1" 200 None
INFO:main:Fetching video data...
DEBUG:urllib3.connectionpool:Starting new HTTPS connection (1): api.olhar.media:443
DEBUG:urllib3.connectionpool:https://api.olhar.media:443 "GET /?getvideos&equipid=1 HTTP/1.1" 200 559
DEBUG:urllib3.util.retry:Converted retries value: 2 -> Retry(total=2, connect=None, read=None, redirect=None, status=None)
DEBUG:urllib3.util.retry:Converted retries value: 2 -> Retry(total=2, connect=None, read=None, redirect=None, status=None)
ERROR:services:Error getting GPS coordinates through serial port: could not open port '/dev/ttyUSB0': FileNotFoundError(2, 'The system cannot find the path specified.', None, 3)
 Falling back to IP geolocation...
DEBUG:urllib3.connectionpool:Starting new HTTP connection (1): ipinfo.io:80
DEBUG:urllib3.connectionpool:http://ipinfo.io:80 "GET /json HTTP/1.1" 200 336
INFO:geocoder.base:Requested http://ipinfo.io/json
DEBUG:geopy:Photon.reverse: https://photon.komoot.io/reverse?lat=38.691&lon=-121.4486&limit=1
DEBUG:urllib3.connectionpool:Starting new HTTPS connection (1): photon.komoot.io:443
DEBUG:urllib3.connectionpool:https://photon.komoot.io:443 "GET /reverse?lat=38.691&lon=-121.4486&limit=1 HTTP/1.1" 200 None
INFO:application:Current city: Rio Linda, 95673, California, United States
ERROR:services:Error getting GPS coordinates through serial port: could not open port '/dev/ttyUSB0': FileNotFoundError(2, 'The system cannot find the path specified.', None, 3)
 Falling back to IP geolocation...
DEBUG:urllib3.connectionpool:Starting new HTTP connection (1): ipinfo.io:80
DEBUG:urllib3.connectionpool:http://ipinfo.io:80 "GET /json HTTP/1.1" 200 336
INFO:geocoder.base:Requested http://ipinfo.io/json
DEBUG:urllib3.util.retry:Converted retries value: 2 -> Retry(total=2, connect=None, read=None, redirect=None, status=None)
DEBUG:urllib3.util.retry:Converted retries value: 2 -> Retry(total=2, connect=None, read=None, redirect=None, status=None)
ERROR:services:Error getting GPS coordinates through serial port: could not open port '/dev/ttyUSB0': FileNotFoundError(2, 'The system cannot find the path specified.', None, 3)
 Falling back to IP geolocation...
DEBUG:urllib3.connectionpool:Starting new HTTP connection (1): ipinfo.io:80
DEBUG:urllib3.connectionpool:http://ipinfo.io:80 "GET /json HTTP/1.1" 200 336
INFO:geocoder.base:Requested http://ipinfo.io/json
DEBUG:geopy:Photon.reverse: https://photon.komoot.io/reverse?lat=38.691&lon=-121.4486&limit=1
DEBUG:urllib3.connectionpool:Starting new HTTPS connection (1): photon.komoot.io:443
DEBUG:urllib3.connectionpool:https://photon.komoot.io:443 "GET /reverse?lat=38.691&lon=-121.4486&limit=1 HTTP/1.1" 200 None
INFO:main:Fetching video data...
DEBUG:urllib3.connectionpool:Starting new HTTPS connection (1): api.olhar.media:443
DEBUG:urllib3.connectionpool:https://api.olhar.media:443 "GET /?getvideos&equipid=1 HTTP/1.1" 200 559
DEBUG:urllib3.util.retry:Converted retries value: 2 -> Retry(total=2, connect=None, read=None, redirect=None, status=None)
DEBUG:urllib3.util.retry:Converted retries value: 2 -> Retry(total=2, connect=None, read=None, redirect=None, status=None)
ERROR:services:Error getting GPS coordinates through serial port: could not open port '/dev/ttyUSB0': FileNotFoundError(2, 'The system cannot find the path specified.', None, 3)
 Falling back to IP geolocation...
DEBUG:urllib3.connectionpool:Starting new HTTP connection (1): ipinfo.io:80
DEBUG:urllib3.connectionpool:http://ipinfo.io:80 "GET /json HTTP/1.1" 200 336
INFO:geocoder.base:Requested http://ipinfo.io/json
DEBUG:geopy:Photon.reverse: https://photon.komoot.io/reverse?lat=38.691&lon=-121.4486&limit=1
DEBUG:urllib3.connectionpool:Starting new HTTPS connection (1): photon.komoot.io:443
DEBUG:urllib3.connectionpool:https://photon.komoot.io:443 "GET /reverse?lat=38.691&lon=-121.4486&limit=1 HTTP/1.1" 200 None
INFO:application:Current city: Rio Linda, 95673, California, United States
ERROR:services:Error getting GPS coordinates through serial port: could not open port '/dev/ttyUSB0': FileNotFoundError(2, 'The system cannot find the path specified.', None, 3)
 Falling back to IP geolocation...
DEBUG:urllib3.connectionpool:Starting new HTTP connection (1): ipinfo.io:80
DEBUG:urllib3.connectionpool:http://ipinfo.io:80 "GET /json HTTP/1.1" 200 336
INFO:geocoder.base:Requested http://ipinfo.io/json
DEBUG:urllib3.util.retry:Converted retries value: 2 -> Retry(total=2, connect=None, read=None, redirect=None, status=None)
DEBUG:urllib3.util.retry:Converted retries value: 2 -> Retry(total=2, connect=None, read=None, redirect=None, status=None)
ERROR:services:Error getting GPS coordinates through serial port: could not open port '/dev/ttyUSB0': FileNotFoundError(2, 'The system cannot find the path specified.', None, 3)
 Falling back to IP geolocation...
DEBUG:urllib3.connectionpool:Starting new HTTP connection (1): ipinfo.io:80
DEBUG:urllib3.connectionpool:http://ipinfo.io:80 "GET /json HTTP/1.1" 200 336
INFO:geocoder.base:Requested http://ipinfo.io/json
DEBUG:geopy:Photon.reverse: https://photon.komoot.io/reverse?lat=38.691&lon=-121.4486&limit=1
DEBUG:urllib3.connectionpool:Starting new HTTPS connection (1): photon.komoot.io:443
DEBUG:urllib3.connectionpool:https://photon.komoot.io:443 "GET /reverse?lat=38.691&lon=-121.4486&limit=1 HTTP/1.1" 200 None
DEBUG:screen_brightness_control:cache get 'windows_monitors_info_raw' = [KeyError]
DEBUG:screen_brightness_control:get_display_info: failed to gather list of laptop displays - <x_wmi: Unexpected COM Error (-2147217396, 'OLE error 0x8004100c', None, None)>
DEBUG:screen_brightness_control:cache set 'windows_monitors_info_raw', expires=1
DEBUG:screen_brightness_control:requested method 'ddcutil' invalid
DEBUG:urllib3.util.retry:Converted retries value: 2 -> Retry(total=2, connect=None, read=None, redirect=None, status=None)
DEBUG:urllib3.util.retry:Converted retries value: 2 -> Retry(total=2, connect=None, read=None, redirect=None, status=None)
ERROR:services:Error getting GPS coordinates through serial port: could not open port '/dev/ttyUSB0': FileNotFoundError(2, 'The system cannot find the path specified.', None, 3)
 Falling back to IP geolocation...
DEBUG:urllib3.connectionpool:Starting new HTTP connection (1): ipinfo.io:80
DEBUG:urllib3.connectionpool:http://ipinfo.io:80 "GET /json HTTP/1.1" 200 336
INFO:geocoder.base:Requested http://ipinfo.io/json
DEBUG:geopy:Photon.reverse: https://photon.komoot.io/reverse?lat=38.691&lon=-121.4486&limit=1
DEBUG:urllib3.connectionpool:Starting new HTTPS connection (1): photon.komoot.io:443
DEBUG:urllib3.connectionpool:https://photon.komoot.io:443 "GET /reverse?lat=38.691&lon=-121.4486&limit=1 HTTP/1.1" 200 None
DEBUG:screen_brightness_control:cache get 'windows_monitors_info_raw' = [KeyError]
DEBUG:screen_brightness_control:get_display_info: failed to gather list of laptop displays - <x_wmi: Unexpected COM Error (-2147217396, 'OLE error 0x8004100c', None, None)>
DEBUG:screen_brightness_control:cache set 'windows_monitors_info_raw', expires=1
DEBUG:screen_brightness_control:cache get 'windows_monitors_info_raw'
DEBUG:screen_brightness_control:requested method 'ddcutil' invalid
DEBUG:urllib3.util.retry:Converted retries value: 2 -> Retry(total=2, connect=None, read=None, redirect=None, status=None)
DEBUG:urllib3.util.retry:Converted retries value: 2 -> Retry(total=2, connect=None, read=None, redirect=None, status=None)
ERROR:services:Error getting GPS coordinates through serial port: could not open port '/dev/ttyUSB0': FileNotFoundError(2, 'The system cannot find the path specified.', None, 3)
 Falling back to IP geolocation...
DEBUG:urllib3.connectionpool:Starting new HTTP connection (1): ipinfo.io:80
DEBUG:urllib3.connectionpool:http://ipinfo.io:80 "GET /json HTTP/1.1" 200 336
INFO:geocoder.base:Requested http://ipinfo.io/json
DEBUG:geopy:Photon.reverse: https://photon.komoot.io/reverse?lat=38.691&lon=-121.4486&limit=1
DEBUG:urllib3.connectionpool:Starting new HTTPS connection (1): photon.komoot.io:443
DEBUG:urllib3.connectionpool:https://photon.komoot.io:443 "GET /reverse?lat=38.691&lon=-121.4486&limit=1 HTTP/1.1" 200 None
DEBUG:screen_brightness_control:cache get 'windows_monitors_info_raw' = [KeyError]
DEBUG:screen_brightness_control:get_display_info: failed to gather list of laptop displays - <x_wmi: Unexpected COM Error (-2147217396, 'OLE error 0x8004100c', None, None)>
DEBUG:screen_brightness_control:cache set 'windows_monitors_info_raw', expires=1
DEBUG:screen_brightness_control:brightness get request display None with method None
DEBUG:screen_brightness_control:cache get 'windows_monitors_info_raw'
DEBUG:screen_brightness_control:iter_physical_monitors: failed to gather list of laptop displays - <x_wmi: Unexpected COM Error (-2147217396, 'OLE error 0x8004100c', None, None)>
DEBUG:screen_brightness_control:cache get 'vcp_brightness_0' = [KeyError]
DEBUG:screen_brightness_control:cache set 'vcp_brightness_0', expires=0.1
DEBUG:screen_brightness_control:brightness set request display None with method None
DEBUG:screen_brightness_control:cache get 'windows_monitors_info_raw'
DEBUG:screen_brightness_control:cache expire key 'vcp_brightness_0'
DEBUG:screen_brightness_control:iter_physical_monitors: failed to gather list of laptop displays - <x_wmi: Unexpected COM Error (-2147217396, 'OLE error 0x8004100c', None, None)>
INFO:main:Fetching video data...
DEBUG:urllib3.connectionpool:Starting new HTTPS connection (1): api.olhar.media:443
DEBUG:urllib3.connectionpool:https://api.olhar.media:443 "GET /?getvideos&equipid=1 HTTP/1.1" 200 559
DEBUG:urllib3.util.retry:Converted retries value: 2 -> Retry(total=2, connect=None, read=None, redirect=None, status=None)
DEBUG:urllib3.util.retry:Converted retries value: 2 -> Retry(total=2, connect=None, read=None, redirect=None, status=None)
ERROR:services:Error getting GPS coordinates through serial port: could not open port '/dev/ttyUSB0': FileNotFoundError(2, 'The system cannot find the path specified.', None, 3)
 Falling back to IP geolocation...
DEBUG:urllib3.connectionpool:Starting new HTTP connection (1): ipinfo.io:80
DEBUG:urllib3.connectionpool:http://ipinfo.io:80 "GET /json HTTP/1.1" 200 336
INFO:geocoder.base:Requested http://ipinfo.io/json
DEBUG:geopy:Photon.reverse: https://photon.komoot.io/reverse?lat=38.691&lon=-121.4486&limit=1
DEBUG:urllib3.connectionpool:Starting new HTTPS connection (1): photon.komoot.io:443
DEBUG:urllib3.connectionpool:https://photon.komoot.io:443 "GET /reverse?lat=38.691&lon=-121.4486&limit=1 HTTP/1.1" 200 None
INFO:application:Current city: Rio Linda, 95673, California, United States
DEBUG:urllib3.util.retry:Converted retries value: 2 -> Retry(total=2, connect=None, read=None, redirect=None, status=None)
DEBUG:urllib3.util.retry:Converted retries value: 2 -> Retry(total=2, connect=None, read=None, redirect=None, status=None)
ERROR:services:Error getting GPS coordinates through serial port: could not open port '/dev/ttyUSB0': FileNotFoundError(2, 'The system cannot find the path specified.', None, 3)
 Falling back to IP geolocation...
DEBUG:urllib3.connectionpool:Starting new HTTP connection (1): ipinfo.io:80
DEBUG:urllib3.connectionpool:http://ipinfo.io:80 "GET /json HTTP/1.1" 200 336
INFO:geocoder.base:Requested http://ipinfo.io/json
DEBUG:geopy:Photon.reverse: https://photon.komoot.io/reverse?lat=38.691&lon=-121.4486&limit=1
DEBUG:urllib3.connectionpool:Starting new HTTPS connection (1): photon.komoot.io:443
DEBUG:urllib3.connectionpool:https://photon.komoot.io:443 "GET /reverse?lat=38.691&lon=-121.4486&limit=1 HTTP/1.1" 200 None
DEBUG:screen_brightness_control:cache get 'windows_monitors_info_raw' = [KeyError]
DEBUG:screen_brightness_control:get_display_info: failed to gather list of laptop displays - <x_wmi: Unexpected COM Error (-2147217396, 'OLE error 0x8004100c', None, None)>
DEBUG:screen_brightness_control:cache set 'windows_monitors_info_raw', expires=1
DEBUG:screen_brightness_control:brightness get request display None with method None
DEBUG:screen_brightness_control:cache get 'windows_monitors_info_raw'
DEBUG:screen_brightness_control:iter_physical_monitors: failed to gather list of laptop displays - <x_wmi: Unexpected COM Error (-2147217396, 'OLE error 0x8004100c', None, None)>
DEBUG:screen_brightness_control:cache get 'vcp_brightness_0' = [KeyError]
DEBUG:screen_brightness_control:cache set 'vcp_brightness_0', expires=0.1
DEBUG:screen_brightness_control:brightness get request display None with method None
DEBUG:screen_brightness_control:cache get 'windows_monitors_info_raw'
DEBUG:screen_brightness_control:iter_physical_monitors: failed to gather list of laptop displays - <x_wmi: Unexpected COM Error (-2147217396, 'OLE error 0x8004100c', None, None)>
DEBUG:screen_brightness_control:cache get 'vcp_brightness_0'
DEBUG:screen_brightness_control:cache set 'vcp_brightness_0', expires=0.1
DEBUG:screen_brightness_control:cache get 'windows_monitors_info_raw'
DEBUG:screen_brightness_control:requested method 'ddcutil' invalid
DEBUG:urllib3.util.retry:Converted retries value: 2 -> Retry(total=2, connect=None, read=None, redirect=None, status=None)
DEBUG:urllib3.util.retry:Converted retries value: 2 -> Retry(total=2, connect=None, read=None, redirect=None, status=None)
ERROR:services:Error getting GPS coordinates through serial port: could not open port '/dev/ttyUSB0': FileNotFoundError(2, 'The system cannot find the path specified.', None, 3)
 Falling back to IP geolocation...
DEBUG:urllib3.connectionpool:Starting new HTTP connection (1): ipinfo.io:80
DEBUG:urllib3.connectionpool:http://ipinfo.io:80 "GET /json HTTP/1.1" 200 336
INFO:geocoder.base:Requested http://ipinfo.io/json
DEBUG:geopy:Photon.reverse: https://photon.komoot.io/reverse?lat=38.691&lon=-121.4486&limit=1
DEBUG:urllib3.connectionpool:Starting new HTTPS connection (1): photon.komoot.io:443
DEBUG:urllib3.connectionpool:https://photon.komoot.io:443 "GET /reverse?lat=38.691&lon=-121.4486&limit=1 HTTP/1.1" 200 None
DEBUG:screen_brightness_control:cache get 'windows_monitors_info_raw' = [KeyError]
DEBUG:screen_brightness_control:get_display_info: failed to gather list of laptop displays - <x_wmi: Unexpected COM Error (-2147217396, 'OLE error 0x8004100c', None, None)>
DEBUG:screen_brightness_control:cache set 'windows_monitors_info_raw', expires=1
DEBUG:screen_brightness_control:brightness get request display None with method None
DEBUG:screen_brightness_control:cache get 'windows_monitors_info_raw'
DEBUG:screen_brightness_control:iter_physical_monitors: failed to gather list of laptop displays - <x_wmi: Unexpected COM Error (-2147217396, 'OLE error 0x8004100c', None, None)>
DEBUG:screen_brightness_control:cache get 'vcp_brightness_0' = [KeyError]
DEBUG:screen_brightness_control:cache set 'vcp_brightness_0', expires=0.1
DEBUG:screen_brightness_control:brightness get request display None with method None
DEBUG:screen_brightness_control:cache get 'windows_monitors_info_raw'
DEBUG:screen_brightness_control:iter_physical_monitors: failed to gather list of laptop displays - <x_wmi: Unexpected COM Error (-2147217396, 'OLE error 0x8004100c', None, None)>
DEBUG:screen_brightness_control:cache get 'vcp_brightness_0'
DEBUG:screen_brightness_control:cache set 'vcp_brightness_0', expires=0.1
DEBUG:screen_brightness_control:cache get 'windows_monitors_info_raw'
DEBUG:screen_brightness_control:cache get 'windows_monitors_info_raw'
DEBUG:screen_brightness_control:cache get 'windows_monitors_info_raw'
DEBUG:screen_brightness_control:iter_physical_monitors: failed to gather list of laptop displays - <x_wmi: Unexpected COM Error (-2147217396, 'OLE error 0x8004100c', None, None)>
DEBUG:screen_brightness_control:cache get 'vcp_brightness_0'
DEBUG:screen_brightness_control:cache set 'vcp_brightness_0', expires=0.1
DEBUG:screen_brightness_control:fade display 0 of <class 'screen_brightness_control.windows.VCP'> 50->50:1:logarithmic=True
DEBUG:screen_brightness_control:cache get 'windows_monitors_info_raw'
DEBUG:screen_brightness_control:cache expire key 'vcp_brightness_0'
DEBUG:screen_brightness_control:iter_physical_monitors: failed to gather list of laptop displays - <x_wmi: Unexpected COM Error (-2147217396, 'OLE error 0x8004100c', None, None)>
DEBUG:screen_brightness_control:cache get 'windows_monitors_info_raw'
DEBUG:screen_brightness_control:iter_physical_monitors: failed to gather list of laptop displays - <x_wmi: Unexpected COM Error (-2147217396, 'OLE error 0x8004100c', None, None)>
DEBUG:screen_brightness_control:cache get 'vcp_brightness_0' = [KeyError]
DEBUG:screen_brightness_control:cache set 'vcp_brightness_0', expires=0.1
DEBUG:screen_brightness_control:brightness get request display None with method None
DEBUG:screen_brightness_control:cache get 'windows_monitors_info_raw'
DEBUG:screen_brightness_control:iter_physical_monitors: failed to gather list of laptop displays - <x_wmi: Unexpected COM Error (-2147217396, 'OLE error 0x8004100c', None, None)>
DEBUG:screen_brightness_control:cache get 'vcp_brightness_0'
DEBUG:screen_brightness_control:cache set 'vcp_brightness_0', expires=0.1
INFO:main:Fetching video data...
DEBUG:urllib3.connectionpool:Starting new HTTPS connection (1): api.olhar.media:443
DEBUG:urllib3.connectionpool:https://api.olhar.media:443 "GET /?getvideos&equipid=1 HTTP/1.1" 200 559
DEBUG:urllib3.util.retry:Converted retries value: 2 -> Retry(total=2, connect=None, read=None, redirect=None, status=None)
DEBUG:urllib3.util.retry:Converted retries value: 2 -> Retry(total=2, connect=None, read=None, redirect=None, status=None)
ERROR:services:Error getting GPS coordinates through serial port: could not open port '/dev/ttyUSB0': FileNotFoundError(2, 'The system cannot find the path specified.', None, 3)
 Falling back to IP geolocation...
DEBUG:urllib3.connectionpool:Starting new HTTP connection (1): ipinfo.io:80
DEBUG:urllib3.connectionpool:http://ipinfo.io:80 "GET /json HTTP/1.1" 200 336
INFO:geocoder.base:Requested http://ipinfo.io/json
DEBUG:geopy:Photon.reverse: https://photon.komoot.io/reverse?lat=38.691&lon=-121.4486&limit=1
DEBUG:urllib3.connectionpool:Starting new HTTPS connection (1): photon.komoot.io:443
DEBUG:urllib3.connectionpool:https://photon.komoot.io:443 "GET /reverse?lat=38.691&lon=-121.4486&limit=1 HTTP/1.1" 200 None
INFO:application:Current city: Rio Linda, 95673, California, United States
DEBUG:urllib3.util.retry:Converted retries value: 2 -> Retry(total=2, connect=None, read=None, redirect=None, status=None)
DEBUG:urllib3.util.retry:Converted retries value: 2 -> Retry(total=2, connect=None, read=None, redirect=None, status=None)
ERROR:services:Error getting GPS coordinates through serial port: could not open port '/dev/ttyUSB0': FileNotFoundError(2, 'The system cannot find the path specified.', None, 3)
 Falling back to IP geolocation...
DEBUG:urllib3.connectionpool:Starting new HTTP connection (1): ipinfo.io:80
DEBUG:urllib3.connectionpool:http://ipinfo.io:80 "GET /json HTTP/1.1" 200 336
INFO:geocoder.base:Requested http://ipinfo.io/json
DEBUG:geopy:Photon.reverse: https://photon.komoot.io/reverse?lat=38.691&lon=-121.4486&limit=1
DEBUG:urllib3.connectionpool:Starting new HTTPS connection (1): photon.komoot.io:443
DEBUG:urllib3.connectionpool:https://photon.komoot.io:443 "GET /reverse?lat=38.691&lon=-121.4486&limit=1 HTTP/1.1" 200 None
DEBUG:screen_brightness_control:cache get 'windows_monitors_info_raw' = [KeyError]
DEBUG:screen_brightness_control:get_display_info: failed to gather list of laptop displays - <x_wmi: Unexpected COM Error (-2147217396, 'OLE error 0x8004100c', None, None)>
DEBUG:screen_brightness_control:cache set 'windows_monitors_info_raw', expires=1
DEBUG:screen_brightness_control:brightness get request display None with method None
DEBUG:screen_brightness_control:cache get 'windows_monitors_info_raw'
DEBUG:screen_brightness_control:iter_physical_monitors: failed to gather list of laptop displays - <x_wmi: Unexpected COM Error (-2147217396, 'OLE error 0x8004100c', None, None)>
DEBUG:screen_brightness_control:cache get 'vcp_brightness_0' = [KeyError]
DEBUG:screen_brightness_control:cache set 'vcp_brightness_0', expires=0.1
DEBUG:screen_brightness_control:brightness get request display None with method None
DEBUG:screen_brightness_control:cache get 'windows_monitors_info_raw'
DEBUG:screen_brightness_control:iter_physical_monitors: failed to gather list of laptop displays - <x_wmi: Unexpected COM Error (-2147217396, 'OLE error 0x8004100c', None, None)>
DEBUG:screen_brightness_control:cache get 'vcp_brightness_0'
DEBUG:screen_brightness_control:cache set 'vcp_brightness_0', expires=0.1
DEBUG:screen_brightness_control:cache get 'windows_monitors_info_raw'
DEBUG:screen_brightness_control:requested method 'step' invalid
DEBUG:urllib3.util.retry:Converted retries value: 2 -> Retry(total=2, connect=None, read=None, redirect=None, status=None)
DEBUG:urllib3.util.retry:Converted retries value: 2 -> Retry(total=2, connect=None, read=None, redirect=None, status=None)
ERROR:services:Error getting GPS coordinates through serial port: could not open port '/dev/ttyUSB0': FileNotFoundError(2, 'The system cannot find the path specified.', None, 3)
 Falling back to IP geolocation...
DEBUG:urllib3.connectionpool:Starting new HTTP connection (1): ipinfo.io:80
DEBUG:urllib3.connectionpool:http://ipinfo.io:80 "GET /json HTTP/1.1" 200 336
INFO:geocoder.base:Requested http://ipinfo.io/json
DEBUG:geopy:Photon.reverse: https://photon.komoot.io/reverse?lat=38.691&lon=-121.4486&limit=1
DEBUG:urllib3.connectionpool:Starting new HTTPS connection (1): photon.komoot.io:443
DEBUG:urllib3.connectionpool:https://photon.komoot.io:443 "GET /reverse?lat=38.691&lon=-121.4486&limit=1 HTTP/1.1" 200 None
DEBUG:screen_brightness_control:cache get 'windows_monitors_info_raw' = [KeyError]
DEBUG:screen_brightness_control:get_display_info: failed to gather list of laptop displays - <x_wmi: Unexpected COM Error (-2147217396, 'OLE error 0x8004100c', None, None)>
DEBUG:screen_brightness_control:cache set 'windows_monitors_info_raw', expires=1
DEBUG:screen_brightness_control:brightness get request display None with method None
DEBUG:screen_brightness_control:cache get 'windows_monitors_info_raw'
DEBUG:screen_brightness_control:iter_physical_monitors: failed to gather list of laptop displays - <x_wmi: Unexpected COM Error (-2147217396, 'OLE error 0x8004100c', None, None)>
DEBUG:screen_brightness_control:cache get 'vcp_brightness_0' = [KeyError]
DEBUG:screen_brightness_control:cache set 'vcp_brightness_0', expires=0.1
DEBUG:screen_brightness_control:brightness get request display None with method None
DEBUG:screen_brightness_control:cache get 'windows_monitors_info_raw'
DEBUG:screen_brightness_control:iter_physical_monitors: failed to gather list of laptop displays - <x_wmi: Unexpected COM Error (-2147217396, 'OLE error 0x8004100c', None, None)>
DEBUG:screen_brightness_control:cache get 'vcp_brightness_0'
DEBUG:screen_brightness_control:cache set 'vcp_brightness_0', expires=0.1
DEBUG:screen_brightness_control:cache get 'windows_monitors_info_raw'
DEBUG:screen_brightness_control:requested method 'vmi' invalid
DEBUG:urllib3.util.retry:Converted retries value: 2 -> Retry(total=2, connect=None, read=None, redirect=None, status=None)
DEBUG:urllib3.util.retry:Converted retries value: 2 -> Retry(total=2, connect=None, read=None, redirect=None, status=None)
ERROR:services:Error getting GPS coordinates through serial port: could not open port '/dev/ttyUSB0': FileNotFoundError(2, 'The system cannot find the path specified.', None, 3)
 Falling back to IP geolocation...
DEBUG:urllib3.connectionpool:Starting new HTTP connection (1): ipinfo.io:80
DEBUG:urllib3.connectionpool:http://ipinfo.io:80 "GET /json HTTP/1.1" 200 336
INFO:geocoder.base:Requested http://ipinfo.io/json
DEBUG:geopy:Photon.reverse: https://photon.komoot.io/reverse?lat=38.691&lon=-121.4486&limit=1
DEBUG:urllib3.connectionpool:Starting new HTTPS connection (1): photon.komoot.io:443
DEBUG:urllib3.connectionpool:https://photon.komoot.io:443 "GET /reverse?lat=38.691&lon=-121.4486&limit=1 HTTP/1.1" 200 None
DEBUG:screen_brightness_control:cache get 'windows_monitors_info_raw' = [KeyError]
DEBUG:screen_brightness_control:get_display_info: failed to gather list of laptop displays - <x_wmi: Unexpected COM Error (-2147217396, 'OLE error 0x8004100c', None, None)>
DEBUG:screen_brightness_control:cache set 'windows_monitors_info_raw', expires=1
DEBUG:screen_brightness_control:brightness get request display None with method None
DEBUG:screen_brightness_control:cache get 'windows_monitors_info_raw'
DEBUG:screen_brightness_control:iter_physical_monitors: failed to gather list of laptop displays - <x_wmi: Unexpected COM Error (-2147217396, 'OLE error 0x8004100c', None, None)>
DEBUG:screen_brightness_control:cache get 'vcp_brightness_0' = [KeyError]
DEBUG:screen_brightness_control:cache set 'vcp_brightness_0', expires=0.1
DEBUG:screen_brightness_control:brightness get request display None with method None
DEBUG:screen_brightness_control:cache get 'windows_monitors_info_raw'
DEBUG:screen_brightness_control:iter_physical_monitors: failed to gather list of laptop displays - <x_wmi: Unexpected COM Error (-2147217396, 'OLE error 0x8004100c', None, None)>
DEBUG:screen_brightness_control:cache get 'vcp_brightness_0'
DEBUG:screen_brightness_control:cache set 'vcp_brightness_0', expires=0.1
DEBUG:screen_brightness_control:cache get 'windows_monitors_info_raw'
DEBUG:urllib3.util.retry:Converted retries value: 2 -> Retry(total=2, connect=None, read=None, redirect=None, status=None)
DEBUG:urllib3.util.retry:Converted retries value: 2 -> Retry(total=2, connect=None, read=None, redirect=None, status=None)
ERROR:services:Error getting GPS coordinates through serial port: could not open port '/dev/ttyUSB0': FileNotFoundError(2, 'The system cannot find the path specified.', None, 3)
 Falling back to IP geolocation...
DEBUG:urllib3.connectionpool:Starting new HTTP connection (1): ipinfo.io:80
DEBUG:urllib3.connectionpool:http://ipinfo.io:80 "GET /json HTTP/1.1" 200 336
INFO:geocoder.base:Requested http://ipinfo.io/json
DEBUG:geopy:Photon.reverse: https://photon.komoot.io/reverse?lat=38.691&lon=-121.4486&limit=1
DEBUG:urllib3.connectionpool:Starting new HTTPS connection (1): photon.komoot.io:443
DEBUG:urllib3.connectionpool:https://photon.komoot.io:443 "GET /reverse?lat=38.691&lon=-121.4486&limit=1 HTTP/1.1" 200 None
DEBUG:screen_brightness_control:cache get 'windows_monitors_info_raw' = [KeyError]
DEBUG:screen_brightness_control:get_display_info: failed to gather list of laptop displays - <x_wmi: Unexpected COM Error (-2147217396, 'OLE error 0x8004100c', None, None)>
DEBUG:screen_brightness_control:cache set 'windows_monitors_info_raw', expires=1
DEBUG:screen_brightness_control:brightness get request display None with method None
DEBUG:screen_brightness_control:cache get 'windows_monitors_info_raw'
DEBUG:screen_brightness_control:iter_physical_monitors: failed to gather list of laptop displays - <x_wmi: Unexpected COM Error (-2147217396, 'OLE error 0x8004100c', None, None)>
DEBUG:screen_brightness_control:cache get 'vcp_brightness_0' = [KeyError]
DEBUG:screen_brightness_control:cache set 'vcp_brightness_0', expires=0.1
DEBUG:screen_brightness_control:brightness get request display None with method None
DEBUG:screen_brightness_control:cache get 'windows_monitors_info_raw'
DEBUG:screen_brightness_control:iter_physical_monitors: failed to gather list of laptop displays - <x_wmi: Unexpected COM Error (-2147217396, 'OLE error 0x8004100c', None, None)>
DEBUG:screen_brightness_control:cache get 'vcp_brightness_0'
DEBUG:screen_brightness_control:cache set 'vcp_brightness_0', expires=0.1
DEBUG:screen_brightness_control:cache get 'windows_monitors_info_raw'
DEBUG:screen_brightness_control:cache get 'windows_monitors_info_raw'
DEBUG:screen_brightness_control:cache get 'windows_monitors_info_raw'
DEBUG:screen_brightness_control:iter_physical_monitors: failed to gather list of laptop displays - <x_wmi: Unexpected COM Error (-2147217396, 'OLE error 0x8004100c', None, None)>
DEBUG:screen_brightness_control:cache get 'vcp_brightness_0'
DEBUG:screen_brightness_control:cache set 'vcp_brightness_0', expires=0.1
DEBUG:screen_brightness_control:fade display 0 of <class 'screen_brightness_control.windows.VCP'> 50->50:1:logarithmic=True
DEBUG:screen_brightness_control:cache get 'windows_monitors_info_raw'
DEBUG:screen_brightness_control:cache expire key 'vcp_brightness_0'
DEBUG:screen_brightness_control:iter_physical_monitors: failed to gather list of laptop displays - <x_wmi: Unexpected COM Error (-2147217396, 'OLE error 0x8004100c', None, None)>
DEBUG:screen_brightness_control:cache get 'windows_monitors_info_raw'
DEBUG:screen_brightness_control:iter_physical_monitors: failed to gather list of laptop displays - <x_wmi: Unexpected COM Error (-2147217396, 'OLE error 0x8004100c', None, None)>
DEBUG:screen_brightness_control:cache get 'vcp_brightness_0' = [KeyError]
DEBUG:screen_brightness_control:cache set 'vcp_brightness_0', expires=0.1
DEBUG:screen_brightness_control:brightness get request display None with method None
DEBUG:screen_brightness_control:cache get 'windows_monitors_info_raw'
DEBUG:screen_brightness_control:iter_physical_monitors: failed to gather list of laptop displays - <x_wmi: Unexpected COM Error (-2147217396, 'OLE error 0x8004100c', None, None)>
DEBUG:screen_brightness_control:cache get 'vcp_brightness_0'
DEBUG:screen_brightness_control:cache set 'vcp_brightness_0', expires=0.1
DEBUG:screen_brightness_control:cache get 'windows_monitors_info_raw'
DEBUG:screen_brightness_control:cache get 'windows_monitors_info_raw'
DEBUG:screen_brightness_control:cache get 'windows_monitors_info_raw'
DEBUG:screen_brightness_control:iter_physical_monitors: failed to gather list of laptop displays - <x_wmi: Unexpected COM Error (-2147217396, 'OLE error 0x8004100c', None, None)>
DEBUG:screen_brightness_control:cache get 'vcp_brightness_0'
DEBUG:screen_brightness_control:cache set 'vcp_brightness_0', expires=0.1
DEBUG:screen_brightness_control:fade display 0 of <class 'screen_brightness_control.windows.VCP'> 50->100:10:logarithmic=True
DEBUG:screen_brightness_control:cache get 'windows_monitors_info_raw'
DEBUG:screen_brightness_control:cache expire key 'vcp_brightness_0'
DEBUG:screen_brightness_control:iter_physical_monitors: failed to gather list of laptop displays - <x_wmi: Unexpected COM Error (-2147217396, 'OLE error 0x8004100c', None, None)>
DEBUG:screen_brightness_control:cache get 'windows_monitors_info_raw'
DEBUG:screen_brightness_control:iter_physical_monitors: failed to gather list of laptop displays - <x_wmi: Unexpected COM Error (-2147217396, 'OLE error 0x8004100c', None, None)>
DEBUG:screen_brightness_control:cache get 'windows_monitors_info_raw'
DEBUG:screen_brightness_control:iter_physical_monitors: failed to gather list of laptop displays - <x_wmi: Unexpected COM Error (-2147217396, 'OLE error 0x8004100c', None, None)>
DEBUG:screen_brightness_control:cache get 'windows_monitors_info_raw'
DEBUG:screen_brightness_control:iter_physical_monitors: failed to gather list of laptop displays - <x_wmi: Unexpected COM Error (-2147217396, 'OLE error 0x8004100c', None, None)>
DEBUG:screen_brightness_control:cache get 'windows_monitors_info_raw'
DEBUG:screen_brightness_control:iter_physical_monitors: failed to gather list of laptop displays - <x_wmi: Unexpected COM Error (-2147217396, 'OLE error 0x8004100c', None, None)>
DEBUG:screen_brightness_control:cache get 'windows_monitors_info_raw'
DEBUG:screen_brightness_control:iter_physical_monitors: failed to gather list of laptop displays - <x_wmi: Unexpected COM Error (-2147217396, 'OLE error 0x8004100c', None, None)>
DEBUG:screen_brightness_control:cache get 'windows_monitors_info_raw'
DEBUG:screen_brightness_control:iter_physical_monitors: failed to gather list of laptop displays - <x_wmi: Unexpected COM Error (-2147217396, 'OLE error 0x8004100c', None, None)>
DEBUG:screen_brightness_control:cache get 'vcp_brightness_0' = [KeyError]
DEBUG:screen_brightness_control:cache set 'vcp_brightness_0', expires=0.1
DEBUG:screen_brightness_control:brightness get request display None with method None
DEBUG:screen_brightness_control:cache get 'windows_monitors_info_raw'
DEBUG:screen_brightness_control:iter_physical_monitors: failed to gather list of laptop displays - <x_wmi: Unexpected COM Error (-2147217396, 'OLE error 0x8004100c', None, None)>
DEBUG:screen_brightness_control:cache get 'vcp_brightness_0'
DEBUG:screen_brightness_control:cache set 'vcp_brightness_0', expires=0.1
INFO:main:Fetching video data...
DEBUG:urllib3.connectionpool:Starting new HTTPS connection (1): api.olhar.media:443
DEBUG:urllib3.connectionpool:https://api.olhar.media:443 "GET /?getvideos&equipid=1 HTTP/1.1" 200 559
DEBUG:urllib3.util.retry:Converted retries value: 2 -> Retry(total=2, connect=None, read=None, redirect=None, status=None)
DEBUG:urllib3.util.retry:Converted retries value: 2 -> Retry(total=2, connect=None, read=None, redirect=None, status=None)
ERROR:services:Error getting GPS coordinates through serial port: could not open port '/dev/ttyUSB0': FileNotFoundError(2, 'The system cannot find the path specified.', None, 3)
 Falling back to IP geolocation...
DEBUG:urllib3.connectionpool:Starting new HTTP connection (1): ipinfo.io:80
DEBUG:urllib3.connectionpool:http://ipinfo.io:80 "GET /json HTTP/1.1" 200 336
INFO:geocoder.base:Requested http://ipinfo.io/json
DEBUG:geopy:Photon.reverse: https://photon.komoot.io/reverse?lat=38.691&lon=-121.4486&limit=1
DEBUG:urllib3.connectionpool:Starting new HTTPS connection (1): photon.komoot.io:443
DEBUG:urllib3.connectionpool:https://photon.komoot.io:443 "GET /reverse?lat=38.691&lon=-121.4486&limit=1 HTTP/1.1" 200 None
INFO:application:Current city: Rio Linda, 95673, California, United States
DEBUG:urllib3.util.retry:Converted retries value: 2 -> Retry(total=2, connect=None, read=None, redirect=None, status=None)
DEBUG:urllib3.util.retry:Converted retries value: 2 -> Retry(total=2, connect=None, read=None, redirect=None, status=None)
ERROR:services:Error getting GPS coordinates through serial port: could not open port '/dev/ttyUSB0': FileNotFoundError(2, 'The system cannot find the path specified.', None, 3)
 Falling back to IP geolocation...
DEBUG:urllib3.connectionpool:Starting new HTTP connection (1): ipinfo.io:80
DEBUG:urllib3.connectionpool:http://ipinfo.io:80 "GET /json HTTP/1.1" 200 336
INFO:geocoder.base:Requested http://ipinfo.io/json
DEBUG:geopy:Photon.reverse: https://photon.komoot.io/reverse?lat=38.691&lon=-121.4486&limit=1
DEBUG:urllib3.connectionpool:Starting new HTTPS connection (1): photon.komoot.io:443
DEBUG:urllib3.connectionpool:https://photon.komoot.io:443 "GET /reverse?lat=38.691&lon=-121.4486&limit=1 HTTP/1.1" 200 None
DEBUG:screen_brightness_control:cache get 'windows_monitors_info_raw' = [KeyError]
DEBUG:screen_brightness_control:get_display_info: failed to gather list of laptop displays - <x_wmi: Unexpected COM Error (-2147217396, 'OLE error 0x8004100c', None, None)>
DEBUG:screen_brightness_control:cache set 'windows_monitors_info_raw', expires=1
DEBUG:screen_brightness_control:brightness get request display None with method None
DEBUG:screen_brightness_control:cache get 'windows_monitors_info_raw'
DEBUG:screen_brightness_control:iter_physical_monitors: failed to gather list of laptop displays - <x_wmi: Unexpected COM Error (-2147217396, 'OLE error 0x8004100c', None, None)>
DEBUG:screen_brightness_control:cache get 'vcp_brightness_0' = [KeyError]
DEBUG:screen_brightness_control:cache set 'vcp_brightness_0', expires=0.1
DEBUG:screen_brightness_control:brightness get request display None with method None
DEBUG:screen_brightness_control:cache get 'windows_monitors_info_raw'
DEBUG:screen_brightness_control:iter_physical_monitors: failed to gather list of laptop displays - <x_wmi: Unexpected COM Error (-2147217396, 'OLE error 0x8004100c', None, None)>
DEBUG:screen_brightness_control:cache get 'vcp_brightness_0'
DEBUG:screen_brightness_control:cache set 'vcp_brightness_0', expires=0.1
DEBUG:screen_brightness_control:cache get 'windows_monitors_info_raw'
DEBUG:screen_brightness_control:cache get 'windows_monitors_info_raw'
DEBUG:screen_brightness_control:cache get 'windows_monitors_info_raw'
DEBUG:screen_brightness_control:iter_physical_monitors: failed to gather list of laptop displays - <x_wmi: Unexpected COM Error (-2147217396, 'OLE error 0x8004100c', None, None)>
DEBUG:screen_brightness_control:cache get 'vcp_brightness_0'
DEBUG:screen_brightness_control:cache set 'vcp_brightness_0', expires=0.1
DEBUG:screen_brightness_control:fade display 0 of <class 'screen_brightness_control.windows.VCP'> 100->50:-1:logarithmic=True
DEBUG:screen_brightness_control:cache get 'windows_monitors_info_raw'
DEBUG:screen_brightness_control:cache expire key 'vcp_brightness_0'
DEBUG:screen_brightness_control:iter_physical_monitors: failed to gather list of laptop displays - <x_wmi: Unexpected COM Error (-2147217396, 'OLE error 0x8004100c', None, None)>
DEBUG:screen_brightness_control:cache get 'windows_monitors_info_raw'
DEBUG:screen_brightness_control:iter_physical_monitors: failed to gather list of laptop displays - <x_wmi: Unexpected COM Error (-2147217396, 'OLE error 0x8004100c', None, None)>
DEBUG:screen_brightness_control:cache get 'windows_monitors_info_raw'
DEBUG:screen_brightness_control:iter_physical_monitors: failed to gather list of laptop displays - <x_wmi: Unexpected COM Error (-2147217396, 'OLE error 0x8004100c', None, None)>
DEBUG:screen_brightness_control:cache get 'windows_monitors_info_raw'
DEBUG:screen_brightness_control:iter_physical_monitors: failed to gather list of laptop displays - <x_wmi: Unexpected COM Error (-2147217396, 'OLE error 0x8004100c', None, None)>
DEBUG:screen_brightness_control:cache get 'windows_monitors_info_raw'
DEBUG:screen_brightness_control:iter_physical_monitors: failed to gather list of laptop displays - <x_wmi: Unexpected COM Error (-2147217396, 'OLE error 0x8004100c', None, None)>
DEBUG:screen_brightness_control:cache get 'windows_monitors_info_raw'
DEBUG:screen_brightness_control:iter_physical_monitors: failed to gather list of laptop displays - <x_wmi: Unexpected COM Error (-2147217396, 'OLE error 0x8004100c', None, None)>
DEBUG:screen_brightness_control:cache get 'windows_monitors_info_raw'
DEBUG:screen_brightness_control:iter_physical_monitors: failed to gather list of laptop displays - <x_wmi: Unexpected COM Error (-2147217396, 'OLE error 0x8004100c', None, None)>
DEBUG:screen_brightness_control:cache get 'windows_monitors_info_raw'
DEBUG:screen_brightness_control:iter_physical_monitors: failed to gather list of laptop displays - <x_wmi: Unexpected COM Error (-2147217396, 'OLE error 0x8004100c', None, None)>
DEBUG:screen_brightness_control:cache get 'windows_monitors_info_raw'
DEBUG:screen_brightness_control:iter_physical_monitors: failed to gather list of laptop displays - <x_wmi: Unexpected COM Error (-2147217396, 'OLE error 0x8004100c', None, None)>
DEBUG:screen_brightness_control:cache get 'windows_monitors_info_raw'
DEBUG:screen_brightness_control:iter_physical_monitors: failed to gather list of laptop displays - <x_wmi: Unexpected COM Error (-2147217396, 'OLE error 0x8004100c', None, None)>
DEBUG:screen_brightness_control:cache get 'windows_monitors_info_raw'
DEBUG:screen_brightness_control:iter_physical_monitors: failed to gather list of laptop displays - <x_wmi: Unexpected COM Error (-2147217396, 'OLE error 0x8004100c', None, None)>
DEBUG:screen_brightness_control:cache get 'windows_monitors_info_raw' = [expired]
DEBUG:screen_brightness_control:get_display_info: failed to gather list of laptop displays - <x_wmi: Unexpected COM Error (-2147217396, 'OLE error 0x8004100c', None, None)>
DEBUG:screen_brightness_control:cache set 'windows_monitors_info_raw', expires=1
DEBUG:screen_brightness_control:iter_physical_monitors: failed to gather list of laptop displays - <x_wmi: Unexpected COM Error (-2147217396, 'OLE error 0x8004100c', None, None)>
DEBUG:screen_brightness_control:cache get 'windows_monitors_info_raw'
DEBUG:screen_brightness_control:iter_physical_monitors: failed to gather list of laptop displays - <x_wmi: Unexpected COM Error (-2147217396, 'OLE error 0x8004100c', None, None)>
DEBUG:screen_brightness_control:cache get 'windows_monitors_info_raw'
DEBUG:screen_brightness_control:iter_physical_monitors: failed to gather list of laptop displays - <x_wmi: Unexpected COM Error (-2147217396, 'OLE error 0x8004100c', None, None)>
DEBUG:screen_brightness_control:cache get 'windows_monitors_info_raw'
DEBUG:screen_brightness_control:iter_physical_monitors: failed to gather list of laptop displays - <x_wmi: Unexpected COM Error (-2147217396, 'OLE error 0x8004100c', None, None)>
DEBUG:screen_brightness_control:cache get 'windows_monitors_info_raw'
DEBUG:screen_brightness_control:iter_physical_monitors: failed to gather list of laptop displays - <x_wmi: Unexpected COM Error (-2147217396, 'OLE error 0x8004100c', None, None)>
DEBUG:screen_brightness_control:cache get 'windows_monitors_info_raw'
DEBUG:screen_brightness_control:iter_physical_monitors: failed to gather list of laptop displays - <x_wmi: Unexpected COM Error (-2147217396, 'OLE error 0x8004100c', None, None)>
DEBUG:screen_brightness_control:cache get 'windows_monitors_info_raw'
DEBUG:screen_brightness_control:iter_physical_monitors: failed to gather list of laptop displays - <x_wmi: Unexpected COM Error (-2147217396, 'OLE error 0x8004100c', None, None)>
DEBUG:screen_brightness_control:cache get 'windows_monitors_info_raw'
DEBUG:screen_brightness_control:iter_physical_monitors: failed to gather list of laptop displays - <x_wmi: Unexpected COM Error (-2147217396, 'OLE error 0x8004100c', None, None)>
DEBUG:screen_brightness_control:cache get 'windows_monitors_info_raw'
DEBUG:screen_brightness_control:iter_physical_monitors: failed to gather list of laptop displays - <x_wmi: Unexpected COM Error (-2147217396, 'OLE error 0x8004100c', None, None)>
DEBUG:screen_brightness_control:cache get 'windows_monitors_info_raw'
DEBUG:screen_brightness_control:iter_physical_monitors: failed to gather list of laptop displays - <x_wmi: Unexpected COM Error (-2147217396, 'OLE error 0x8004100c', None, None)>
DEBUG:screen_brightness_control:cache get 'windows_monitors_info_raw'
DEBUG:screen_brightness_control:iter_physical_monitors: failed to gather list of laptop displays - <x_wmi: Unexpected COM Error (-2147217396, 'OLE error 0x8004100c', None, None)>
DEBUG:screen_brightness_control:cache get 'windows_monitors_info_raw' = [expired]
DEBUG:screen_brightness_control:get_display_info: failed to gather list of laptop displays - <x_wmi: Unexpected COM Error (-2147217396, 'OLE error 0x8004100c', None, None)>
DEBUG:screen_brightness_control:cache set 'windows_monitors_info_raw', expires=1
DEBUG:screen_brightness_control:iter_physical_monitors: failed to gather list of laptop displays - <x_wmi: Unexpected COM Error (-2147217396, 'OLE error 0x8004100c', None, None)>
DEBUG:screen_brightness_control:cache get 'windows_monitors_info_raw'
DEBUG:screen_brightness_control:iter_physical_monitors: failed to gather list of laptop displays - <x_wmi: Unexpected COM Error (-2147217396, 'OLE error 0x8004100c', None, None)>
DEBUG:screen_brightness_control:cache get 'windows_monitors_info_raw'
DEBUG:screen_brightness_control:iter_physical_monitors: failed to gather list of laptop displays - <x_wmi: Unexpected COM Error (-2147217396, 'OLE error 0x8004100c', None, None)>
DEBUG:screen_brightness_control:cache get 'windows_monitors_info_raw'
DEBUG:screen_brightness_control:iter_physical_monitors: failed to gather list of laptop displays - <x_wmi: Unexpected COM Error (-2147217396, 'OLE error 0x8004100c', None, None)>
DEBUG:screen_brightness_control:cache get 'windows_monitors_info_raw'
DEBUG:screen_brightness_control:iter_physical_monitors: failed to gather list of laptop displays - <x_wmi: Unexpected COM Error (-2147217396, 'OLE error 0x8004100c', None, None)>
DEBUG:screen_brightness_control:cache get 'windows_monitors_info_raw'
DEBUG:screen_brightness_control:iter_physical_monitors: failed to gather list of laptop displays - <x_wmi: Unexpected COM Error (-2147217396, 'OLE error 0x8004100c', None, None)>
DEBUG:screen_brightness_control:cache get 'windows_monitors_info_raw'
DEBUG:screen_brightness_control:iter_physical_monitors: failed to gather list of laptop displays - <x_wmi: Unexpected COM Error (-2147217396, 'OLE error 0x8004100c', None, None)>
DEBUG:screen_brightness_control:cache get 'vcp_brightness_0' = [KeyError]
DEBUG:screen_brightness_control:cache set 'vcp_brightness_0', expires=0.1
DEBUG:screen_brightness_control:brightness get request display None with method None
DEBUG:screen_brightness_control:cache get 'windows_monitors_info_raw'
DEBUG:screen_brightness_control:iter_physical_monitors: failed to gather list of laptop displays - <x_wmi: Unexpected COM Error (-2147217396, 'OLE error 0x8004100c', None, None)>
DEBUG:screen_brightness_control:cache get 'vcp_brightness_0'
DEBUG:screen_brightness_control:cache set 'vcp_brightness_0', expires=0.1
INFO:main:Fetching video data...
DEBUG:urllib3.connectionpool:Starting new HTTPS connection (1): api.olhar.media:443
DEBUG:urllib3.connectionpool:https://api.olhar.media:443 "GET /?getvideos&equipid=1 HTTP/1.1" 200 559
DEBUG:urllib3.util.retry:Converted retries value: 2 -> Retry(total=2, connect=None, read=None, redirect=None, status=None)
DEBUG:urllib3.util.retry:Converted retries value: 2 -> Retry(total=2, connect=None, read=None, redirect=None, status=None)
ERROR:services:Error getting GPS coordinates through serial port: could not open port '/dev/ttyUSB0': FileNotFoundError(2, 'The system cannot find the path specified.', None, 3)
 Falling back to IP geolocation...
DEBUG:urllib3.connectionpool:Starting new HTTP connection (1): ipinfo.io:80
DEBUG:urllib3.connectionpool:http://ipinfo.io:80 "GET /json HTTP/1.1" 200 336
INFO:geocoder.base:Requested http://ipinfo.io/json
DEBUG:geopy:Photon.reverse: https://photon.komoot.io/reverse?lat=38.691&lon=-121.4486&limit=1
DEBUG:urllib3.connectionpool:Starting new HTTPS connection (1): photon.komoot.io:443
DEBUG:urllib3.connectionpool:https://photon.komoot.io:443 "GET /reverse?lat=38.691&lon=-121.4486&limit=1 HTTP/1.1" 200 None
INFO:application:Current city: Rio Linda, 95673, California, United States
DEBUG:screen_brightness_control:brightness get request display None with method None
DEBUG:screen_brightness_control:cache get 'windows_monitors_info_raw' = [expired]
DEBUG:screen_brightness_control:get_display_info: failed to gather list of laptop displays - <x_wmi: Unexpected COM Error (-2147217396, 'OLE error 0x8004100c', None, None)>
DEBUG:screen_brightness_control:cache set 'windows_monitors_info_raw', expires=1
DEBUG:screen_brightness_control:iter_physical_monitors: failed to gather list of laptop displays - <x_wmi: Unexpected COM Error (-2147217396, 'OLE error 0x8004100c', None, None)>
DEBUG:screen_brightness_control:cache get 'vcp_brightness_0' = [expired]
DEBUG:screen_brightness_control:cache set 'vcp_brightness_0', expires=0.1
DEBUG:screen_brightness_control:cache get 'windows_monitors_info_raw'
DEBUG:screen_brightness_control:cache get 'windows_monitors_info_raw'
DEBUG:screen_brightness_control:cache get 'windows_monitors_info_raw'
DEBUG:screen_brightness_control:iter_physical_monitors: failed to gather list of laptop displays - <x_wmi: Unexpected COM Error (-2147217396, 'OLE error 0x8004100c', None, None)>
DEBUG:screen_brightness_control:cache get 'vcp_brightness_0'
DEBUG:screen_brightness_control:cache set 'vcp_brightness_0', expires=0.1
DEBUG:screen_brightness_control:fade display 0 of <class 'screen_brightness_control.windows.VCP'> 50->100:10:logarithmic=True
DEBUG:screen_brightness_control:cache get 'windows_monitors_info_raw'
DEBUG:screen_brightness_control:cache expire key 'vcp_brightness_0'
DEBUG:screen_brightness_control:iter_physical_monitors: failed to gather list of laptop displays - <x_wmi: Unexpected COM Error (-2147217396, 'OLE error 0x8004100c', None, None)>
DEBUG:screen_brightness_control:cache get 'windows_monitors_info_raw'
DEBUG:screen_brightness_control:iter_physical_monitors: failed to gather list of laptop displays - <x_wmi: Unexpected COM Error (-2147217396, 'OLE error 0x8004100c', None, None)>
DEBUG:screen_brightness_control:cache get 'windows_monitors_info_raw'
DEBUG:screen_brightness_control:iter_physical_monitors: failed to gather list of laptop displays - <x_wmi: Unexpected COM Error (-2147217396, 'OLE error 0x8004100c', None, None)>
DEBUG:screen_brightness_control:cache get 'windows_monitors_info_raw'
DEBUG:screen_brightness_control:iter_physical_monitors: failed to gather list of laptop displays - <x_wmi: Unexpected COM Error (-2147217396, 'OLE error 0x8004100c', None, None)>
DEBUG:screen_brightness_control:cache get 'windows_monitors_info_raw'
DEBUG:screen_brightness_control:iter_physical_monitors: failed to gather list of laptop displays - <x_wmi: Unexpected COM Error (-2147217396, 'OLE error 0x8004100c', None, None)>
DEBUG:screen_brightness_control:cache get 'windows_monitors_info_raw'
DEBUG:screen_brightness_control:iter_physical_monitors: failed to gather list of laptop displays - <x_wmi: Unexpected COM Error (-2147217396, 'OLE error 0x8004100c', None, None)>
DEBUG:screen_brightness_control:cache get 'windows_monitors_info_raw'
DEBUG:screen_brightness_control:iter_physical_monitors: failed to gather list of laptop displays - <x_wmi: Unexpected COM Error (-2147217396, 'OLE error 0x8004100c', None, None)>
DEBUG:screen_brightness_control:cache get 'vcp_brightness_0' = [KeyError]
DEBUG:screen_brightness_control:cache set 'vcp_brightness_0', expires=0.1
DEBUG:screen_brightness_control:brightness get request display None with method None
DEBUG:screen_brightness_control:cache get 'windows_monitors_info_raw'
DEBUG:screen_brightness_control:iter_physical_monitors: failed to gather list of laptop displays - <x_wmi: Unexpected COM Error (-2147217396, 'OLE error 0x8004100c', None, None)>
DEBUG:screen_brightness_control:cache get 'vcp_brightness_0'
DEBUG:screen_brightness_control:cache set 'vcp_brightness_0', expires=0.1
DEBUG:urllib3.util.retry:Converted retries value: 2 -> Retry(total=2, connect=None, read=None, redirect=None, status=None)
DEBUG:urllib3.util.retry:Converted retries value: 2 -> Retry(total=2, connect=None, read=None, redirect=None, status=None)
ERROR:services:Error getting GPS coordinates through serial port: could not open port '/dev/ttyUSB0': FileNotFoundError(2, 'The system cannot find the path specified.', None, 3)
 Falling back to IP geolocation...
DEBUG:urllib3.connectionpool:Starting new HTTP connection (1): ipinfo.io:80
DEBUG:urllib3.connectionpool:http://ipinfo.io:80 "GET /json HTTP/1.1" 200 336
INFO:geocoder.base:Requested http://ipinfo.io/json
DEBUG:geopy:Photon.reverse: https://photon.komoot.io/reverse?lat=38.691&lon=-121.4486&limit=1
DEBUG:urllib3.connectionpool:Starting new HTTPS connection (1): photon.komoot.io:443
DEBUG:urllib3.connectionpool:https://photon.komoot.io:443 "GET /reverse?lat=38.691&lon=-121.4486&limit=1 HTTP/1.1" 200 None
DEBUG:screen_brightness_control:cache get 'windows_monitors_info_raw' = [KeyError]
DEBUG:screen_brightness_control:get_display_info: failed to gather list of laptop displays - <x_wmi: Unexpected COM Error (-2147217396, 'OLE error 0x8004100c', None, None)>
DEBUG:screen_brightness_control:cache set 'windows_monitors_info_raw', expires=1
DEBUG:screen_brightness_control:cache get 'windows_monitors_info_raw'
DEBUG:screen_brightness_control:cache get 'windows_monitors_info_raw'
DEBUG:screen_brightness_control:cache get 'windows_monitors_info_raw'
DEBUG:screen_brightness_control:iter_physical_monitors: failed to gather list of laptop displays - <x_wmi: Unexpected COM Error (-2147217396, 'OLE error 0x8004100c', None, None)>
DEBUG:screen_brightness_control:cache get 'vcp_brightness_0' = [KeyError]
DEBUG:screen_brightness_control:cache set 'vcp_brightness_0', expires=0.1
DEBUG:screen_brightness_control:fade display 0 of <class 'screen_brightness_control.windows.VCP'> 100->50:-1:logarithmic=True
DEBUG:screen_brightness_control:cache get 'windows_monitors_info_raw'
DEBUG:screen_brightness_control:cache expire key 'vcp_brightness_0'
DEBUG:screen_brightness_control:iter_physical_monitors: failed to gather list of laptop displays - <x_wmi: Unexpected COM Error (-2147217396, 'OLE error 0x8004100c', None, None)>
DEBUG:screen_brightness_control:cache get 'windows_monitors_info_raw'
DEBUG:screen_brightness_control:iter_physical_monitors: failed to gather list of laptop displays - <x_wmi: Unexpected COM Error (-2147217396, 'OLE error 0x8004100c', None, None)>
DEBUG:screen_brightness_control:cache get 'windows_monitors_info_raw'
DEBUG:screen_brightness_control:iter_physical_monitors: failed to gather list of laptop displays - <x_wmi: Unexpected COM Error (-2147217396, 'OLE error 0x8004100c', None, None)>
DEBUG:screen_brightness_control:cache get 'windows_monitors_info_raw'
DEBUG:screen_brightness_control:iter_physical_monitors: failed to gather list of laptop displays - <x_wmi: Unexpected COM Error (-2147217396, 'OLE error 0x8004100c', None, None)>
DEBUG:screen_brightness_control:cache get 'windows_monitors_info_raw'
DEBUG:screen_brightness_control:iter_physical_monitors: failed to gather list of laptop displays - <x_wmi: Unexpected COM Error (-2147217396, 'OLE error 0x8004100c', None, None)>
DEBUG:screen_brightness_control:cache get 'windows_monitors_info_raw'
DEBUG:screen_brightness_control:iter_physical_monitors: failed to gather list of laptop displays - <x_wmi: Unexpected COM Error (-2147217396, 'OLE error 0x8004100c', None, None)>
DEBUG:screen_brightness_control:cache get 'windows_monitors_info_raw'
DEBUG:screen_brightness_control:iter_physical_monitors: failed to gather list of laptop displays - <x_wmi: Unexpected COM Error (-2147217396, 'OLE error 0x8004100c', None, None)>
DEBUG:screen_brightness_control:cache get 'windows_monitors_info_raw'
DEBUG:screen_brightness_control:iter_physical_monitors: failed to gather list of laptop displays - <x_wmi: Unexpected COM Error (-2147217396, 'OLE error 0x8004100c', None, None)>
DEBUG:screen_brightness_control:cache get 'windows_monitors_info_raw'
DEBUG:screen_brightness_control:iter_physical_monitors: failed to gather list of laptop displays - <x_wmi: Unexpected COM Error (-2147217396, 'OLE error 0x8004100c', None, None)>
DEBUG:screen_brightness_control:cache get 'windows_monitors_info_raw'
DEBUG:screen_brightness_control:iter_physical_monitors: failed to gather list of laptop displays - <x_wmi: Unexpected COM Error (-2147217396, 'OLE error 0x8004100c', None, None)>
DEBUG:screen_brightness_control:cache get 'windows_monitors_info_raw'
DEBUG:screen_brightness_control:iter_physical_monitors: failed to gather list of laptop displays - <x_wmi: Unexpected COM Error (-2147217396, 'OLE error 0x8004100c', None, None)>
DEBUG:screen_brightness_control:cache get 'windows_monitors_info_raw' = [expired]
DEBUG:screen_brightness_control:get_display_info: failed to gather list of laptop displays - <x_wmi: Unexpected COM Error (-2147217396, 'OLE error 0x8004100c', None, None)>
DEBUG:screen_brightness_control:cache set 'windows_monitors_info_raw', expires=1
DEBUG:screen_brightness_control:iter_physical_monitors: failed to gather list of laptop displays - <x_wmi: Unexpected COM Error (-2147217396, 'OLE error 0x8004100c', None, None)>
DEBUG:screen_brightness_control:cache get 'windows_monitors_info_raw'
DEBUG:screen_brightness_control:iter_physical_monitors: failed to gather list of laptop displays - <x_wmi: Unexpected COM Error (-2147217396, 'OLE error 0x8004100c', None, None)>
DEBUG:screen_brightness_control:cache get 'windows_monitors_info_raw'
DEBUG:screen_brightness_control:iter_physical_monitors: failed to gather list of laptop displays - <x_wmi: Unexpected COM Error (-2147217396, 'OLE error 0x8004100c', None, None)>
DEBUG:screen_brightness_control:cache get 'windows_monitors_info_raw'
DEBUG:screen_brightness_control:iter_physical_monitors: failed to gather list of laptop displays - <x_wmi: Unexpected COM Error (-2147217396, 'OLE error 0x8004100c', None, None)>
DEBUG:screen_brightness_control:cache get 'windows_monitors_info_raw'
DEBUG:screen_brightness_control:iter_physical_monitors: failed to gather list of laptop displays - <x_wmi: Unexpected COM Error (-2147217396, 'OLE error 0x8004100c', None, None)>
DEBUG:screen_brightness_control:cache get 'windows_monitors_info_raw'
DEBUG:screen_brightness_control:iter_physical_monitors: failed to gather list of laptop displays - <x_wmi: Unexpected COM Error (-2147217396, 'OLE error 0x8004100c', None, None)>
DEBUG:screen_brightness_control:cache get 'windows_monitors_info_raw'
DEBUG:screen_brightness_control:iter_physical_monitors: failed to gather list of laptop displays - <x_wmi: Unexpected COM Error (-2147217396, 'OLE error 0x8004100c', None, None)>
DEBUG:screen_brightness_control:cache get 'windows_monitors_info_raw'
DEBUG:screen_brightness_control:iter_physical_monitors: failed to gather list of laptop displays - <x_wmi: Unexpected COM Error (-2147217396, 'OLE error 0x8004100c', None, None)>
DEBUG:screen_brightness_control:cache get 'windows_monitors_info_raw'
DEBUG:screen_brightness_control:iter_physical_monitors: failed to gather list of laptop displays - <x_wmi: Unexpected COM Error (-2147217396, 'OLE error 0x8004100c', None, None)>
DEBUG:screen_brightness_control:cache get 'windows_monitors_info_raw'
DEBUG:screen_brightness_control:iter_physical_monitors: failed to gather list of laptop displays - <x_wmi: Unexpected COM Error (-2147217396, 'OLE error 0x8004100c', None, None)>
DEBUG:screen_brightness_control:cache get 'windows_monitors_info_raw'
DEBUG:screen_brightness_control:iter_physical_monitors: failed to gather list of laptop displays - <x_wmi: Unexpected COM Error (-2147217396, 'OLE error 0x8004100c', None, None)>
DEBUG:screen_brightness_control:cache get 'windows_monitors_info_raw'
DEBUG:screen_brightness_control:iter_physical_monitors: failed to gather list of laptop displays - <x_wmi: Unexpected COM Error (-2147217396, 'OLE error 0x8004100c', None, None)>
DEBUG:screen_brightness_control:cache get 'windows_monitors_info_raw' = [expired]
DEBUG:screen_brightness_control:get_display_info: failed to gather list of laptop displays - <x_wmi: Unexpected COM Error (-2147217396, 'OLE error 0x8004100c', None, None)>
DEBUG:screen_brightness_control:cache set 'windows_monitors_info_raw', expires=1
DEBUG:screen_brightness_control:iter_physical_monitors: failed to gather list of laptop displays - <x_wmi: Unexpected COM Error (-2147217396, 'OLE error 0x8004100c', None, None)>
DEBUG:screen_brightness_control:cache get 'windows_monitors_info_raw'
DEBUG:screen_brightness_control:iter_physical_monitors: failed to gather list of laptop displays - <x_wmi: Unexpected COM Error (-2147217396, 'OLE error 0x8004100c', None, None)>
DEBUG:screen_brightness_control:cache get 'windows_monitors_info_raw'
DEBUG:screen_brightness_control:iter_physical_monitors: failed to gather list of laptop displays - <x_wmi: Unexpected COM Error (-2147217396, 'OLE error 0x8004100c', None, None)>
DEBUG:screen_brightness_control:cache get 'windows_monitors_info_raw'
DEBUG:screen_brightness_control:iter_physical_monitors: failed to gather list of laptop displays - <x_wmi: Unexpected COM Error (-2147217396, 'OLE error 0x8004100c', None, None)>
DEBUG:screen_brightness_control:cache get 'windows_monitors_info_raw'
DEBUG:screen_brightness_control:iter_physical_monitors: failed to gather list of laptop displays - <x_wmi: Unexpected COM Error (-2147217396, 'OLE error 0x8004100c', None, None)>
DEBUG:screen_brightness_control:cache get 'windows_monitors_info_raw'
DEBUG:screen_brightness_control:iter_physical_monitors: failed to gather list of laptop displays - <x_wmi: Unexpected COM Error (-2147217396, 'OLE error 0x8004100c', None, None)>
DEBUG:screen_brightness_control:cache get 'vcp_brightness_0' = [KeyError]
DEBUG:screen_brightness_control:cache set 'vcp_brightness_0', expires=0.1
DEBUG:screen_brightness_control:brightness get request display None with method None
DEBUG:screen_brightness_control:cache get 'windows_monitors_info_raw'
DEBUG:screen_brightness_control:iter_physical_monitors: failed to gather list of laptop displays - <x_wmi: Unexpected COM Error (-2147217396, 'OLE error 0x8004100c', None, None)>
DEBUG:screen_brightness_control:cache get 'vcp_brightness_0'
DEBUG:screen_brightness_control:cache set 'vcp_brightness_0', expires=0.1
INFO:main:Fetching video data...
DEBUG:urllib3.connectionpool:Starting new HTTPS connection (1): api.olhar.media:443
DEBUG:urllib3.connectionpool:https://api.olhar.media:443 "GET /?getvideos&equipid=1 HTTP/1.1" 200 559
DEBUG:urllib3.util.retry:Converted retries value: 2 -> Retry(total=2, connect=None, read=None, redirect=None, status=None)
DEBUG:urllib3.util.retry:Converted retries value: 2 -> Retry(total=2, connect=None, read=None, redirect=None, status=None)
ERROR:services:Error getting GPS coordinates through serial port: could not open port '/dev/ttyUSB0': FileNotFoundError(2, 'The system cannot find the path specified.', None, 3)
 Falling back to IP geolocation...
DEBUG:urllib3.connectionpool:Starting new HTTP connection (1): ipinfo.io:80
DEBUG:urllib3.connectionpool:http://ipinfo.io:80 "GET /json HTTP/1.1" 200 336
INFO:geocoder.base:Requested http://ipinfo.io/json
DEBUG:geopy:Photon.reverse: https://photon.komoot.io/reverse?lat=38.691&lon=-121.4486&limit=1
DEBUG:urllib3.connectionpool:Starting new HTTPS connection (1): photon.komoot.io:443
DEBUG:urllib3.connectionpool:https://photon.komoot.io:443 "GET /reverse?lat=38.691&lon=-121.4486&limit=1 HTTP/1.1" 200 None
INFO:application:Current city: Rio Linda, 95673, California, United States
DEBUG:screen_brightness_control:brightness get request display None with method None
DEBUG:screen_brightness_control:cache get 'windows_monitors_info_raw' = [expired]
DEBUG:screen_brightness_control:get_display_info: failed to gather list of laptop displays - <x_wmi: Unexpected COM Error (-2147217396, 'OLE error 0x8004100c', None, None)>
DEBUG:screen_brightness_control:cache set 'windows_monitors_info_raw', expires=1
DEBUG:screen_brightness_control:iter_physical_monitors: failed to gather list of laptop displays - <x_wmi: Unexpected COM Error (-2147217396, 'OLE error 0x8004100c', None, None)>
DEBUG:screen_brightness_control:cache get 'vcp_brightness_0' = [expired]
DEBUG:screen_brightness_control:cache set 'vcp_brightness_0', expires=0.1
DEBUG:screen_brightness_control:cache get 'windows_monitors_info_raw'
DEBUG:screen_brightness_control:cache get 'windows_monitors_info_raw'
DEBUG:screen_brightness_control:cache get 'windows_monitors_info_raw'
DEBUG:screen_brightness_control:iter_physical_monitors: failed to gather list of laptop displays - <x_wmi: Unexpected COM Error (-2147217396, 'OLE error 0x8004100c', None, None)>
DEBUG:screen_brightness_control:cache get 'vcp_brightness_0'
DEBUG:screen_brightness_control:cache set 'vcp_brightness_0', expires=0.1
DEBUG:screen_brightness_control:fade display 0 of <class 'screen_brightness_control.windows.VCP'> 50->100:10:logarithmic=True
DEBUG:screen_brightness_control:cache get 'windows_monitors_info_raw'
DEBUG:screen_brightness_control:cache expire key 'vcp_brightness_0'
DEBUG:screen_brightness_control:iter_physical_monitors: failed to gather list of laptop displays - <x_wmi: Unexpected COM Error (-2147217396, 'OLE error 0x8004100c', None, None)>
DEBUG:screen_brightness_control:cache get 'windows_monitors_info_raw'
DEBUG:screen_brightness_control:iter_physical_monitors: failed to gather list of laptop displays - <x_wmi: Unexpected COM Error (-2147217396, 'OLE error 0x8004100c', None, None)>
DEBUG:screen_brightness_control:cache get 'windows_monitors_info_raw'
DEBUG:screen_brightness_control:iter_physical_monitors: failed to gather list of laptop displays - <x_wmi: Unexpected COM Error (-2147217396, 'OLE error 0x8004100c', None, None)>
DEBUG:screen_brightness_control:cache get 'windows_monitors_info_raw'
DEBUG:screen_brightness_control:iter_physical_monitors: failed to gather list of laptop displays - <x_wmi: Unexpected COM Error (-2147217396, 'OLE error 0x8004100c', None, None)>
DEBUG:screen_brightness_control:cache get 'windows_monitors_info_raw'
DEBUG:screen_brightness_control:iter_physical_monitors: failed to gather list of laptop displays - <x_wmi: Unexpected COM Error (-2147217396, 'OLE error 0x8004100c', None, None)>
DEBUG:screen_brightness_control:cache get 'windows_monitors_info_raw'
DEBUG:screen_brightness_control:iter_physical_monitors: failed to gather list of laptop displays - <x_wmi: Unexpected COM Error (-2147217396, 'OLE error 0x8004100c', None, None)>
DEBUG:screen_brightness_control:cache get 'windows_monitors_info_raw'
DEBUG:screen_brightness_control:iter_physical_monitors: failed to gather list of laptop displays - <x_wmi: Unexpected COM Error (-2147217396, 'OLE error 0x8004100c', None, None)>
DEBUG:screen_brightness_control:cache get 'vcp_brightness_0' = [KeyError]
DEBUG:screen_brightness_control:cache set 'vcp_brightness_0', expires=0.1
DEBUG:screen_brightness_control:brightness get request display None with method None
DEBUG:screen_brightness_control:cache get 'windows_monitors_info_raw'
DEBUG:screen_brightness_control:iter_physical_monitors: failed to gather list of laptop displays - <x_wmi: Unexpected COM Error (-2147217396, 'OLE error 0x8004100c', None, None)>
DEBUG:screen_brightness_control:cache get 'vcp_brightness_0'
DEBUG:screen_brightness_control:cache set 'vcp_brightness_0', expires=0.1
